Determining size of off64_t failed with the following output:
Change Dir: C:/Users/tdobhal/Downloads/canny-edge-cuda/project/build/CMakeFiles/CMakeTmp

Run Build Command:"C:/Program Files (x86)/MSBuild/14.0/bin/MSBuild.exe" "cmTC_7eb97.vcxproj" "/p:Configuration=Debug" "/p:VisualStudioVersion=14.0"
Microsoft (R) Build Engine version 14.0.25123.0
Copyright (C) Microsoft Corporation. All rights reserved.

Build started 3/15/2019 3:06:10 PM.
Project "C:\Users\tdobhal\Downloads\canny-edge-cuda\project\build\CMakeFiles\CMakeTmp\cmTC_7eb97.vcxproj" on node 1 (default targets).
PrepareForBuild:
  Creating directory "cmTC_7eb97.dir\Debug\".
  Creating directory "C:\Users\tdobhal\Downloads\canny-edge-cuda\project\build\CMakeFiles\CMakeTmp\Debug\".
  Creating directory "cmTC_7eb97.dir\Debug\cmTC_7eb97.tlog\".
InitializeBuildStatus:
  Creating "cmTC_7eb97.dir\Debug\cmTC_7eb97.tlog\unsuccessfulbuild" because "AlwaysCreate" was specified.
ClCompile:
  C:\Program Files (x86)\Microsoft Visual Studio 14.0\VC\bin\x86_amd64\CL.exe /c /Zi /W3 /WX- /Od /Ob0 /D WIN32 /D _WINDOWS /D _LARGEFILE64_SOURCE=1 /D HAVE_SYS_TYPES_H /D HAVE_STDINT_H /D HAVE_STDDEF_H /D "CMAKE_INTDIR=\"Debug\"" /D _MBCS /Gm- /RTC1 /MDd /GS /fp:precise /Zc:wchar_t /Zc:forScope /Zc:inline /Fo"cmTC_7eb97.dir\Debug\\" /Fd"cmTC_7eb97.dir\Debug\vc140.pdb" /Gd /TC /errorReport:queue "C:\Users\tdobhal\Downloads\canny-edge-cuda\project\build\CMakeFiles\CheckTypeSize\OFF64_T.c"
  Microsoft (R) C/C++ Optimizing Compiler Version 19.00.23918 for x64
  Copyright (C) Microsoft Corporation.  All rights reserved.
  
  cl /c /Zi /W3 /WX- /Od /Ob0 /D WIN32 /D _WINDOWS /D _LARGEFILE64_SOURCE=1 /D HAVE_SYS_TYPES_H /D HAVE_STDINT_H /D HAVE_STDDEF_H /D "CMAKE_INTDIR=\"Debug\"" /D _MBCS /Gm- /RTC1 /MDd /GS /fp:precise /Zc:wchar_t /Zc:forScope /Zc:inline /Fo"cmTC_7eb97.dir\Debug\\" /Fd"cmTC_7eb97.dir\Debug\vc140.pdb" /Gd /TC /errorReport:queue "C:\Users\tdobhal\Downloads\canny-edge-cuda\project\build\CMakeFiles\CheckTypeSize\OFF64_T.c"
  
  OFF64_T.c
C:\Users\tdobhal\Downloads\canny-edge-cuda\project\build\CMakeFiles\CheckTypeSize\OFF64_T.c(25): error C2065: 'off64_t': undeclared identifier [C:\Users\tdobhal\Downloads\canny-edge-cuda\project\build\CMakeFiles\CMakeTmp\cmTC_7eb97.vcxproj]
C:\Users\tdobhal\Downloads\canny-edge-cuda\project\build\CMakeFiles\CheckTypeSize\OFF64_T.c(26): error C2065: 'off64_t': undeclared identifier [C:\Users\tdobhal\Downloads\canny-edge-cuda\project\build\CMakeFiles\CMakeTmp\cmTC_7eb97.vcxproj]
C:\Users\tdobhal\Downloads\canny-edge-cuda\project\build\CMakeFiles\CheckTypeSize\OFF64_T.c(27): error C2065: 'off64_t': undeclared identifier [C:\Users\tdobhal\Downloads\canny-edge-cuda\project\build\CMakeFiles\CMakeTmp\cmTC_7eb97.vcxproj]
C:\Users\tdobhal\Downloads\canny-edge-cuda\project\build\CMakeFiles\CheckTypeSize\OFF64_T.c(28): error C2065: 'off64_t': undeclared identifier [C:\Users\tdobhal\Downloads\canny-edge-cuda\project\build\CMakeFiles\CMakeTmp\cmTC_7eb97.vcxproj]
C:\Users\tdobhal\Downloads\canny-edge-cuda\project\build\CMakeFiles\CheckTypeSize\OFF64_T.c(29): error C2065: 'off64_t': undeclared identifier [C:\Users\tdobhal\Downloads\canny-edge-cuda\project\build\CMakeFiles\CMakeTmp\cmTC_7eb97.vcxproj]
Done Building Project "C:\Users\tdobhal\Downloads\canny-edge-cuda\project\build\CMakeFiles\CMakeTmp\cmTC_7eb97.vcxproj" (default targets) -- FAILED.

Build FAILED.

"C:\Users\tdobhal\Downloads\canny-edge-cuda\project\build\CMakeFiles\CMakeTmp\cmTC_7eb97.vcxproj" (default target) (1) ->
(ClCompile target) -> 
  C:\Users\tdobhal\Downloads\canny-edge-cuda\project\build\CMakeFiles\CheckTypeSize\OFF64_T.c(25): error C2065: 'off64_t': undeclared identifier [C:\Users\tdobhal\Downloads\canny-edge-cuda\project\build\CMakeFiles\CMakeTmp\cmTC_7eb97.vcxproj]
  C:\Users\tdobhal\Downloads\canny-edge-cuda\project\build\CMakeFiles\CheckTypeSize\OFF64_T.c(26): error C2065: 'off64_t': undeclared identifier [C:\Users\tdobhal\Downloads\canny-edge-cuda\project\build\CMakeFiles\CMakeTmp\cmTC_7eb97.vcxproj]
  C:\Users\tdobhal\Downloads\canny-edge-cuda\project\build\CMakeFiles\CheckTypeSize\OFF64_T.c(27): error C2065: 'off64_t': undeclared identifier [C:\Users\tdobhal\Downloads\canny-edge-cuda\project\build\CMakeFiles\CMakeTmp\cmTC_7eb97.vcxproj]
  C:\Users\tdobhal\Downloads\canny-edge-cuda\project\build\CMakeFiles\CheckTypeSize\OFF64_T.c(28): error C2065: 'off64_t': undeclared identifier [C:\Users\tdobhal\Downloads\canny-edge-cuda\project\build\CMakeFiles\CMakeTmp\cmTC_7eb97.vcxproj]
  C:\Users\tdobhal\Downloads\canny-edge-cuda\project\build\CMakeFiles\CheckTypeSize\OFF64_T.c(29): error C2065: 'off64_t': undeclared identifier [C:\Users\tdobhal\Downloads\canny-edge-cuda\project\build\CMakeFiles\CMakeTmp\cmTC_7eb97.vcxproj]

    0 Warning(s)
    5 Error(s)

Time Elapsed 00:00:00.31

C:/Users/tdobhal/Downloads/canny-edge-cuda/project/build/CMakeFiles/CheckTypeSize/OFF64_T.c:
#include <sys/types.h>
#include <stdint.h>
#include <stddef.h>


#undef KEY
#if defined(__i386)
# define KEY '_','_','i','3','8','6'
#elif defined(__x86_64)
# define KEY '_','_','x','8','6','_','6','4'
#elif defined(__ppc__)
# define KEY '_','_','p','p','c','_','_'
#elif defined(__ppc64__)
# define KEY '_','_','p','p','c','6','4','_','_'
#elif defined(__aarch64__)
# define KEY '_','_','a','a','r','c','h','6','4','_','_'
#elif defined(__ARM_ARCH_7A__)
# define KEY '_','_','A','R','M','_','A','R','C','H','_','7','A','_','_'
#elif defined(__ARM_ARCH_7S__)
# define KEY '_','_','A','R','M','_','A','R','C','H','_','7','S','_','_'
#endif

#define SIZE (sizeof(off64_t))
char info_size[] =  {'I', 'N', 'F', 'O', ':', 's','i','z','e','[',
  ('0' + ((SIZE / 10000)%10)),
  ('0' + ((SIZE / 1000)%10)),
  ('0' + ((SIZE / 100)%10)),
  ('0' + ((SIZE / 10)%10)),
  ('0' +  (SIZE    % 10)),
  ']',
#ifdef KEY
  ' ','k','e','y','[', KEY, ']',
#endif
  '\0'};

#ifdef __CLASSIC_C__
int main(argc, argv) int argc; char *argv[];
#else
int main(int argc, char *argv[])
#endif
{
  int require = 0;
  require += info_size[argc];
  (void)argv;
  return require;
}


Determining if the function fseeko exists failed with the following output:
Change Dir: C:/Users/tdobhal/Downloads/canny-edge-cuda/project/build/CMakeFiles/CMakeTmp

Run Build Command:"C:/Program Files (x86)/MSBuild/14.0/bin/MSBuild.exe" "cmTC_11e4e.vcxproj" "/p:Configuration=Debug" "/p:VisualStudioVersion=14.0"
Microsoft (R) Build Engine version 14.0.25123.0
Copyright (C) Microsoft Corporation. All rights reserved.

Build started 3/15/2019 3:06:11 PM.
Project "C:\Users\tdobhal\Downloads\canny-edge-cuda\project\build\CMakeFiles\CMakeTmp\cmTC_11e4e.vcxproj" on node 1 (default targets).
PrepareForBuild:
  Creating directory "cmTC_11e4e.dir\Debug\".
  Creating directory "C:\Users\tdobhal\Downloads\canny-edge-cuda\project\build\CMakeFiles\CMakeTmp\Debug\".
  Creating directory "cmTC_11e4e.dir\Debug\cmTC_11e4e.tlog\".
InitializeBuildStatus:
  Creating "cmTC_11e4e.dir\Debug\cmTC_11e4e.tlog\unsuccessfulbuild" because "AlwaysCreate" was specified.
ClCompile:
  C:\Program Files (x86)\Microsoft Visual Studio 14.0\VC\bin\x86_amd64\CL.exe /c /Zi /W3 /WX- /Od /Ob0 /D WIN32 /D _WINDOWS /D CHECK_FUNCTION_EXISTS=fseeko /D "CMAKE_INTDIR=\"Debug\"" /D _MBCS /Gm- /RTC1 /MDd /GS /fp:precise /Zc:wchar_t /Zc:forScope /Zc:inline /Fo"cmTC_11e4e.dir\Debug\\" /Fd"cmTC_11e4e.dir\Debug\vc140.pdb" /Gd /TC /errorReport:queue "C:\Program Files\CMake\share\cmake-3.10\Modules\CheckFunctionExists.c"
  Microsoft (R) C/C++ Optimizing Compiler Version 19.00.23918 for x64
  Copyright (C) Microsoft Corporation.  All rights reserved.
  
  cl /c /Zi /W3 /WX- /Od /Ob0 /D WIN32 /D _WINDOWS /D CHECK_FUNCTION_EXISTS=fseeko /D "CMAKE_INTDIR=\"Debug\"" /D _MBCS /Gm- /RTC1 /MDd /GS /fp:precise /Zc:wchar_t /Zc:forScope /Zc:inline /Fo"cmTC_11e4e.dir\Debug\\" /Fd"cmTC_11e4e.dir\Debug\vc140.pdb" /Gd /TC /errorReport:queue "C:\Program Files\CMake\share\cmake-3.10\Modules\CheckFunctionExists.c"
  
  CheckFunctionExists.c
Link:
  C:\Program Files (x86)\Microsoft Visual Studio 14.0\VC\bin\x86_amd64\link.exe /ERRORREPORT:QUEUE /OUT:"C:\Users\tdobhal\Downloads\canny-edge-cuda\project\build\CMakeFiles\CMakeTmp\Debug\cmTC_11e4e.exe" /INCREMENTAL /NOLOGO kernel32.lib user32.lib gdi32.lib winspool.lib shell32.lib ole32.lib oleaut32.lib uuid.lib comdlg32.lib advapi32.lib /MANIFEST /MANIFESTUAC:"level='asInvoker' uiAccess='false'" /manifest:embed /DEBUG /PDB:"C:/Users/tdobhal/Downloads/canny-edge-cuda/project/build/CMakeFiles/CMakeTmp/Debug/cmTC_11e4e.pdb" /SUBSYSTEM:CONSOLE /TLBID:1 /DYNAMICBASE /NXCOMPAT /IMPLIB:"C:/Users/tdobhal/Downloads/canny-edge-cuda/project/build/CMakeFiles/CMakeTmp/Debug/cmTC_11e4e.lib" /MACHINE:X64  /machine:x64 cmTC_11e4e.dir\Debug\CheckFunctionExists.obj
CheckFunctionExists.obj : error LNK2019: unresolved external symbol fseeko referenced in function main [C:\Users\tdobhal\Downloads\canny-edge-cuda\project\build\CMakeFiles\CMakeTmp\cmTC_11e4e.vcxproj]
C:\Users\tdobhal\Downloads\canny-edge-cuda\project\build\CMakeFiles\CMakeTmp\Debug\cmTC_11e4e.exe : fatal error LNK1120: 1 unresolved externals [C:\Users\tdobhal\Downloads\canny-edge-cuda\project\build\CMakeFiles\CMakeTmp\cmTC_11e4e.vcxproj]
Done Building Project "C:\Users\tdobhal\Downloads\canny-edge-cuda\project\build\CMakeFiles\CMakeTmp\cmTC_11e4e.vcxproj" (default targets) -- FAILED.

Build FAILED.

"C:\Users\tdobhal\Downloads\canny-edge-cuda\project\build\CMakeFiles\CMakeTmp\cmTC_11e4e.vcxproj" (default target) (1) ->
(Link target) -> 
  CheckFunctionExists.obj : error LNK2019: unresolved external symbol fseeko referenced in function main [C:\Users\tdobhal\Downloads\canny-edge-cuda\project\build\CMakeFiles\CMakeTmp\cmTC_11e4e.vcxproj]
  C:\Users\tdobhal\Downloads\canny-edge-cuda\project\build\CMakeFiles\CMakeTmp\Debug\cmTC_11e4e.exe : fatal error LNK1120: 1 unresolved externals [C:\Users\tdobhal\Downloads\canny-edge-cuda\project\build\CMakeFiles\CMakeTmp\cmTC_11e4e.vcxproj]

    0 Warning(s)
    2 Error(s)

Time Elapsed 00:00:00.44


Determining if the include file unistd.h exists failed with the following output:
Change Dir: C:/Users/tdobhal/Downloads/canny-edge-cuda/project/build/CMakeFiles/CMakeTmp

Run Build Command:"C:/Program Files (x86)/MSBuild/14.0/bin/MSBuild.exe" "cmTC_c98fc.vcxproj" "/p:Configuration=Debug" "/p:VisualStudioVersion=14.0"
Microsoft (R) Build Engine version 14.0.25123.0
Copyright (C) Microsoft Corporation. All rights reserved.

Build started 3/15/2019 3:06:11 PM.
Project "C:\Users\tdobhal\Downloads\canny-edge-cuda\project\build\CMakeFiles\CMakeTmp\cmTC_c98fc.vcxproj" on node 1 (default targets).
PrepareForBuild:
  Creating directory "cmTC_c98fc.dir\Debug\".
  Creating directory "C:\Users\tdobhal\Downloads\canny-edge-cuda\project\build\CMakeFiles\CMakeTmp\Debug\".
  Creating directory "cmTC_c98fc.dir\Debug\cmTC_c98fc.tlog\".
InitializeBuildStatus:
  Creating "cmTC_c98fc.dir\Debug\cmTC_c98fc.tlog\unsuccessfulbuild" because "AlwaysCreate" was specified.
ClCompile:
  C:\Program Files (x86)\Microsoft Visual Studio 14.0\VC\bin\x86_amd64\CL.exe /c /Zi /W3 /WX- /Od /Ob0 /D WIN32 /D _WINDOWS /D "CMAKE_INTDIR=\"Debug\"" /D _MBCS /Gm- /RTC1 /MDd /GS /fp:precise /Zc:wchar_t /Zc:forScope /Zc:inline /Fo"cmTC_c98fc.dir\Debug\\" /Fd"cmTC_c98fc.dir\Debug\vc140.pdb" /Gd /TC /errorReport:queue "C:\Users\tdobhal\Downloads\canny-edge-cuda\project\build\CMakeFiles\CMakeTmp\CheckIncludeFile.c"
  Microsoft (R) C/C++ Optimizing Compiler Version 19.00.23918 for x64
  Copyright (C) Microsoft Corporation.  All rights reserved.
  
  cl /c /Zi /W3 /WX- /Od /Ob0 /D WIN32 /D _WINDOWS /D "CMAKE_INTDIR=\"Debug\"" /D _MBCS /Gm- /RTC1 /MDd /GS /fp:precise /Zc:wchar_t /Zc:forScope /Zc:inline /Fo"cmTC_c98fc.dir\Debug\\" /Fd"cmTC_c98fc.dir\Debug\vc140.pdb" /Gd /TC /errorReport:queue "C:\Users\tdobhal\Downloads\canny-edge-cuda\project\build\CMakeFiles\CMakeTmp\CheckIncludeFile.c"
  
  CheckIncludeFile.c
C:\Users\tdobhal\Downloads\canny-edge-cuda\project\build\CMakeFiles\CMakeTmp\CheckIncludeFile.c(1): fatal error C1083: Cannot open include file: 'unistd.h': No such file or directory [C:\Users\tdobhal\Downloads\canny-edge-cuda\project\build\CMakeFiles\CMakeTmp\cmTC_c98fc.vcxproj]
Done Building Project "C:\Users\tdobhal\Downloads\canny-edge-cuda\project\build\CMakeFiles\CMakeTmp\cmTC_c98fc.vcxproj" (default targets) -- FAILED.

Build FAILED.

"C:\Users\tdobhal\Downloads\canny-edge-cuda\project\build\CMakeFiles\CMakeTmp\cmTC_c98fc.vcxproj" (default target) (1) ->
(ClCompile target) -> 
  C:\Users\tdobhal\Downloads\canny-edge-cuda\project\build\CMakeFiles\CMakeTmp\CheckIncludeFile.c(1): fatal error C1083: Cannot open include file: 'unistd.h': No such file or directory [C:\Users\tdobhal\Downloads\canny-edge-cuda\project\build\CMakeFiles\CMakeTmp\cmTC_c98fc.vcxproj]

    0 Warning(s)
    1 Error(s)

Time Elapsed 00:00:00.31


Determining if files zlib.h exist failed with the following output:
Change Dir: C:/Users/tdobhal/Downloads/canny-edge-cuda/project/build/CMakeFiles/CMakeTmp

Run Build Command:"C:/Program Files (x86)/MSBuild/14.0/bin/MSBuild.exe" "cmTC_43ad7.vcxproj" "/p:Configuration=Debug" "/p:VisualStudioVersion=14.0"
Microsoft (R) Build Engine version 14.0.25123.0
Copyright (C) Microsoft Corporation. All rights reserved.

Build started 3/15/2019 3:06:13 PM.
Project "C:\Users\tdobhal\Downloads\canny-edge-cuda\project\build\CMakeFiles\CMakeTmp\cmTC_43ad7.vcxproj" on node 1 (default targets).
PrepareForBuild:
  Creating directory "cmTC_43ad7.dir\Debug\".
  Creating directory "C:\Users\tdobhal\Downloads\canny-edge-cuda\project\build\CMakeFiles\CMakeTmp\Debug\".
  Creating directory "cmTC_43ad7.dir\Debug\cmTC_43ad7.tlog\".
InitializeBuildStatus:
  Creating "cmTC_43ad7.dir\Debug\cmTC_43ad7.tlog\unsuccessfulbuild" because "AlwaysCreate" was specified.
ClCompile:
  C:\Program Files (x86)\Microsoft Visual Studio 14.0\VC\bin\x86_amd64\CL.exe /c /Zi /W3 /WX- /Od /Ob0 /D WIN32 /D _WINDOWS /D "CMAKE_INTDIR=\"Debug\"" /D _MBCS /Gm- /RTC1 /MDd /GS /fp:precise /Zc:wchar_t /Zc:forScope /Zc:inline /Fo"cmTC_43ad7.dir\Debug\\" /Fd"cmTC_43ad7.dir\Debug\vc140.pdb" /Gd /TC /errorReport:queue "C:\Users\tdobhal\Downloads\canny-edge-cuda\project\build\CMakeFiles\CMakeTmp\CheckIncludeFiles.c"
  Microsoft (R) C/C++ Optimizing Compiler Version 19.00.23918 for x64
  Copyright (C) Microsoft Corporation.  All rights reserved.
  
  cl /c /Zi /W3 /WX- /Od /Ob0 /D WIN32 /D _WINDOWS /D "CMAKE_INTDIR=\"Debug\"" /D _MBCS /Gm- /RTC1 /MDd /GS /fp:precise /Zc:wchar_t /Zc:forScope /Zc:inline /Fo"cmTC_43ad7.dir\Debug\\" /Fd"cmTC_43ad7.dir\Debug\vc140.pdb" /Gd /TC /errorReport:queue "C:\Users\tdobhal\Downloads\canny-edge-cuda\project\build\CMakeFiles\CMakeTmp\CheckIncludeFiles.c"
  
  CheckIncludeFiles.c
C:\Users\tdobhal\Downloads\canny-edge-cuda\project\build\CMakeFiles\CMakeTmp\CheckIncludeFiles.c(2): fatal error C1083: Cannot open include file: 'zlib.h': No such file or directory [C:\Users\tdobhal\Downloads\canny-edge-cuda\project\build\CMakeFiles\CMakeTmp\cmTC_43ad7.vcxproj]
Done Building Project "C:\Users\tdobhal\Downloads\canny-edge-cuda\project\build\CMakeFiles\CMakeTmp\cmTC_43ad7.vcxproj" (default targets) -- FAILED.

Build FAILED.

"C:\Users\tdobhal\Downloads\canny-edge-cuda\project\build\CMakeFiles\CMakeTmp\cmTC_43ad7.vcxproj" (default target) (1) ->
(ClCompile target) -> 
  C:\Users\tdobhal\Downloads\canny-edge-cuda\project\build\CMakeFiles\CMakeTmp\CheckIncludeFiles.c(2): fatal error C1083: Cannot open include file: 'zlib.h': No such file or directory [C:\Users\tdobhal\Downloads\canny-edge-cuda\project\build\CMakeFiles\CMakeTmp\cmTC_43ad7.vcxproj]

    0 Warning(s)
    1 Error(s)

Time Elapsed 00:00:00.31

Source:
/* */
#include <zlib.h>


int main(void){return 0;}

Determining if files jpeglib.h exist failed with the following output:
Change Dir: C:/Users/tdobhal/Downloads/canny-edge-cuda/project/build/CMakeFiles/CMakeTmp

Run Build Command:"C:/Program Files (x86)/MSBuild/14.0/bin/MSBuild.exe" "cmTC_c41e9.vcxproj" "/p:Configuration=Debug" "/p:VisualStudioVersion=14.0"
Microsoft (R) Build Engine version 14.0.25123.0
Copyright (C) Microsoft Corporation. All rights reserved.

Build started 3/15/2019 3:06:13 PM.
Project "C:\Users\tdobhal\Downloads\canny-edge-cuda\project\build\CMakeFiles\CMakeTmp\cmTC_c41e9.vcxproj" on node 1 (default targets).
PrepareForBuild:
  Creating directory "cmTC_c41e9.dir\Debug\".
  Creating directory "C:\Users\tdobhal\Downloads\canny-edge-cuda\project\build\CMakeFiles\CMakeTmp\Debug\".
  Creating directory "cmTC_c41e9.dir\Debug\cmTC_c41e9.tlog\".
InitializeBuildStatus:
  Creating "cmTC_c41e9.dir\Debug\cmTC_c41e9.tlog\unsuccessfulbuild" because "AlwaysCreate" was specified.
ClCompile:
  C:\Program Files (x86)\Microsoft Visual Studio 14.0\VC\bin\x86_amd64\CL.exe /c /Zi /W3 /WX- /Od /Ob0 /D WIN32 /D _WINDOWS /D "CMAKE_INTDIR=\"Debug\"" /D _MBCS /Gm- /RTC1 /MDd /GS /fp:precise /Zc:wchar_t /Zc:forScope /Zc:inline /Fo"cmTC_c41e9.dir\Debug\\" /Fd"cmTC_c41e9.dir\Debug\vc140.pdb" /Gd /TC /errorReport:queue "C:\Users\tdobhal\Downloads\canny-edge-cuda\project\build\CMakeFiles\CMakeTmp\CheckIncludeFiles.c"
  Microsoft (R) C/C++ Optimizing Compiler Version 19.00.23918 for x64
  Copyright (C) Microsoft Corporation.  All rights reserved.
  
  cl /c /Zi /W3 /WX- /Od /Ob0 /D WIN32 /D _WINDOWS /D "CMAKE_INTDIR=\"Debug\"" /D _MBCS /Gm- /RTC1 /MDd /GS /fp:precise /Zc:wchar_t /Zc:forScope /Zc:inline /Fo"cmTC_c41e9.dir\Debug\\" /Fd"cmTC_c41e9.dir\Debug\vc140.pdb" /Gd /TC /errorReport:queue "C:\Users\tdobhal\Downloads\canny-edge-cuda\project\build\CMakeFiles\CMakeTmp\CheckIncludeFiles.c"
  
  CheckIncludeFiles.c
C:\Users\tdobhal\Downloads\canny-edge-cuda\project\build\CMakeFiles\CMakeTmp\CheckIncludeFiles.c(2): fatal error C1083: Cannot open include file: 'jpeglib.h': No such file or directory [C:\Users\tdobhal\Downloads\canny-edge-cuda\project\build\CMakeFiles\CMakeTmp\cmTC_c41e9.vcxproj]
Done Building Project "C:\Users\tdobhal\Downloads\canny-edge-cuda\project\build\CMakeFiles\CMakeTmp\cmTC_c41e9.vcxproj" (default targets) -- FAILED.

Build FAILED.

"C:\Users\tdobhal\Downloads\canny-edge-cuda\project\build\CMakeFiles\CMakeTmp\cmTC_c41e9.vcxproj" (default target) (1) ->
(ClCompile target) -> 
  C:\Users\tdobhal\Downloads\canny-edge-cuda\project\build\CMakeFiles\CMakeTmp\CheckIncludeFiles.c(2): fatal error C1083: Cannot open include file: 'jpeglib.h': No such file or directory [C:\Users\tdobhal\Downloads\canny-edge-cuda\project\build\CMakeFiles\CMakeTmp\cmTC_c41e9.vcxproj]

    0 Warning(s)
    1 Error(s)

Time Elapsed 00:00:00.31

Source:
/* */
#include <jpeglib.h>


int main(void){return 0;}

Determining if files dlfcn.h exist failed with the following output:
Change Dir: C:/Users/tdobhal/Downloads/canny-edge-cuda/project/build/CMakeFiles/CMakeTmp

Run Build Command:"C:/Program Files (x86)/MSBuild/14.0/bin/MSBuild.exe" "cmTC_cb241.vcxproj" "/p:Configuration=Debug" "/p:VisualStudioVersion=14.0"
Microsoft (R) Build Engine version 14.0.25123.0
Copyright (C) Microsoft Corporation. All rights reserved.

Build started 3/15/2019 3:06:14 PM.
Project "C:\Users\tdobhal\Downloads\canny-edge-cuda\project\build\CMakeFiles\CMakeTmp\cmTC_cb241.vcxproj" on node 1 (default targets).
PrepareForBuild:
  Creating directory "cmTC_cb241.dir\Debug\".
  Creating directory "C:\Users\tdobhal\Downloads\canny-edge-cuda\project\build\CMakeFiles\CMakeTmp\Debug\".
  Creating directory "cmTC_cb241.dir\Debug\cmTC_cb241.tlog\".
InitializeBuildStatus:
  Creating "cmTC_cb241.dir\Debug\cmTC_cb241.tlog\unsuccessfulbuild" because "AlwaysCreate" was specified.
ClCompile:
  C:\Program Files (x86)\Microsoft Visual Studio 14.0\VC\bin\x86_amd64\CL.exe /c /Zi /W3 /WX- /Od /Ob0 /D WIN32 /D _WINDOWS /D "CMAKE_INTDIR=\"Debug\"" /D _MBCS /Gm- /RTC1 /MDd /GS /fp:precise /Zc:wchar_t /Zc:forScope /Zc:inline /Fo"cmTC_cb241.dir\Debug\\" /Fd"cmTC_cb241.dir\Debug\vc140.pdb" /Gd /TC /errorReport:queue "C:\Users\tdobhal\Downloads\canny-edge-cuda\project\build\CMakeFiles\CMakeTmp\CheckIncludeFiles.c"
  Microsoft (R) C/C++ Optimizing Compiler Version 19.00.23918 for x64
  Copyright (C) Microsoft Corporation.  All rights reserved.
  
  cl /c /Zi /W3 /WX- /Od /Ob0 /D WIN32 /D _WINDOWS /D "CMAKE_INTDIR=\"Debug\"" /D _MBCS /Gm- /RTC1 /MDd /GS /fp:precise /Zc:wchar_t /Zc:forScope /Zc:inline /Fo"cmTC_cb241.dir\Debug\\" /Fd"cmTC_cb241.dir\Debug\vc140.pdb" /Gd /TC /errorReport:queue "C:\Users\tdobhal\Downloads\canny-edge-cuda\project\build\CMakeFiles\CMakeTmp\CheckIncludeFiles.c"
  
  CheckIncludeFiles.c
C:\Users\tdobhal\Downloads\canny-edge-cuda\project\build\CMakeFiles\CMakeTmp\CheckIncludeFiles.c(2): fatal error C1083: Cannot open include file: 'dlfcn.h': No such file or directory [C:\Users\tdobhal\Downloads\canny-edge-cuda\project\build\CMakeFiles\CMakeTmp\cmTC_cb241.vcxproj]
Done Building Project "C:\Users\tdobhal\Downloads\canny-edge-cuda\project\build\CMakeFiles\CMakeTmp\cmTC_cb241.vcxproj" (default targets) -- FAILED.

Build FAILED.

"C:\Users\tdobhal\Downloads\canny-edge-cuda\project\build\CMakeFiles\CMakeTmp\cmTC_cb241.vcxproj" (default target) (1) ->
(ClCompile target) -> 
  C:\Users\tdobhal\Downloads\canny-edge-cuda\project\build\CMakeFiles\CMakeTmp\CheckIncludeFiles.c(2): fatal error C1083: Cannot open include file: 'dlfcn.h': No such file or directory [C:\Users\tdobhal\Downloads\canny-edge-cuda\project\build\CMakeFiles\CMakeTmp\cmTC_cb241.vcxproj]

    0 Warning(s)
    1 Error(s)

Time Elapsed 00:00:00.31

Source:
/* */
#include <dlfcn.h>


int main(void){return 0;}

Determining if files strings.h exist failed with the following output:
Change Dir: C:/Users/tdobhal/Downloads/canny-edge-cuda/project/build/CMakeFiles/CMakeTmp

Run Build Command:"C:/Program Files (x86)/MSBuild/14.0/bin/MSBuild.exe" "cmTC_da5db.vcxproj" "/p:Configuration=Debug" "/p:VisualStudioVersion=14.0"
Microsoft (R) Build Engine version 14.0.25123.0
Copyright (C) Microsoft Corporation. All rights reserved.

Build started 3/15/2019 3:06:20 PM.
Project "C:\Users\tdobhal\Downloads\canny-edge-cuda\project\build\CMakeFiles\CMakeTmp\cmTC_da5db.vcxproj" on node 1 (default targets).
PrepareForBuild:
  Creating directory "cmTC_da5db.dir\Debug\".
  Creating directory "C:\Users\tdobhal\Downloads\canny-edge-cuda\project\build\CMakeFiles\CMakeTmp\Debug\".
  Creating directory "cmTC_da5db.dir\Debug\cmTC_da5db.tlog\".
InitializeBuildStatus:
  Creating "cmTC_da5db.dir\Debug\cmTC_da5db.tlog\unsuccessfulbuild" because "AlwaysCreate" was specified.
ClCompile:
  C:\Program Files (x86)\Microsoft Visual Studio 14.0\VC\bin\x86_amd64\CL.exe /c /Zi /W3 /WX- /Od /Ob0 /D WIN32 /D _WINDOWS /D "CMAKE_INTDIR=\"Debug\"" /D _MBCS /Gm- /RTC1 /MDd /GS /fp:precise /Zc:wchar_t /Zc:forScope /Zc:inline /Fo"cmTC_da5db.dir\Debug\\" /Fd"cmTC_da5db.dir\Debug\vc140.pdb" /Gd /TC /errorReport:queue "C:\Users\tdobhal\Downloads\canny-edge-cuda\project\build\CMakeFiles\CMakeTmp\CheckIncludeFiles.c"
  Microsoft (R) C/C++ Optimizing Compiler Version 19.00.23918 for x64
  Copyright (C) Microsoft Corporation.  All rights reserved.
  
  cl /c /Zi /W3 /WX- /Od /Ob0 /D WIN32 /D _WINDOWS /D "CMAKE_INTDIR=\"Debug\"" /D _MBCS /Gm- /RTC1 /MDd /GS /fp:precise /Zc:wchar_t /Zc:forScope /Zc:inline /Fo"cmTC_da5db.dir\Debug\\" /Fd"cmTC_da5db.dir\Debug\vc140.pdb" /Gd /TC /errorReport:queue "C:\Users\tdobhal\Downloads\canny-edge-cuda\project\build\CMakeFiles\CMakeTmp\CheckIncludeFiles.c"
  
  CheckIncludeFiles.c
C:\Users\tdobhal\Downloads\canny-edge-cuda\project\build\CMakeFiles\CMakeTmp\CheckIncludeFiles.c(2): fatal error C1083: Cannot open include file: 'strings.h': No such file or directory [C:\Users\tdobhal\Downloads\canny-edge-cuda\project\build\CMakeFiles\CMakeTmp\cmTC_da5db.vcxproj]
Done Building Project "C:\Users\tdobhal\Downloads\canny-edge-cuda\project\build\CMakeFiles\CMakeTmp\cmTC_da5db.vcxproj" (default targets) -- FAILED.

Build FAILED.

"C:\Users\tdobhal\Downloads\canny-edge-cuda\project\build\CMakeFiles\CMakeTmp\cmTC_da5db.vcxproj" (default target) (1) ->
(ClCompile target) -> 
  C:\Users\tdobhal\Downloads\canny-edge-cuda\project\build\CMakeFiles\CMakeTmp\CheckIncludeFiles.c(2): fatal error C1083: Cannot open include file: 'strings.h': No such file or directory [C:\Users\tdobhal\Downloads\canny-edge-cuda\project\build\CMakeFiles\CMakeTmp\cmTC_da5db.vcxproj]

    0 Warning(s)
    1 Error(s)

Time Elapsed 00:00:00.31

Source:
/* */
#include <strings.h>


int main(void){return 0;}

Determining if files sys/time.h exist failed with the following output:
Change Dir: C:/Users/tdobhal/Downloads/canny-edge-cuda/project/build/CMakeFiles/CMakeTmp

Run Build Command:"C:/Program Files (x86)/MSBuild/14.0/bin/MSBuild.exe" "cmTC_92ac0.vcxproj" "/p:Configuration=Debug" "/p:VisualStudioVersion=14.0"
Microsoft (R) Build Engine version 14.0.25123.0
Copyright (C) Microsoft Corporation. All rights reserved.

Build started 3/15/2019 3:06:22 PM.
Project "C:\Users\tdobhal\Downloads\canny-edge-cuda\project\build\CMakeFiles\CMakeTmp\cmTC_92ac0.vcxproj" on node 1 (default targets).
PrepareForBuild:
  Creating directory "cmTC_92ac0.dir\Debug\".
  Creating directory "C:\Users\tdobhal\Downloads\canny-edge-cuda\project\build\CMakeFiles\CMakeTmp\Debug\".
  Creating directory "cmTC_92ac0.dir\Debug\cmTC_92ac0.tlog\".
InitializeBuildStatus:
  Creating "cmTC_92ac0.dir\Debug\cmTC_92ac0.tlog\unsuccessfulbuild" because "AlwaysCreate" was specified.
ClCompile:
  C:\Program Files (x86)\Microsoft Visual Studio 14.0\VC\bin\x86_amd64\CL.exe /c /Zi /W3 /WX- /Od /Ob0 /D WIN32 /D _WINDOWS /D "CMAKE_INTDIR=\"Debug\"" /D _MBCS /Gm- /RTC1 /MDd /GS /fp:precise /Zc:wchar_t /Zc:forScope /Zc:inline /Fo"cmTC_92ac0.dir\Debug\\" /Fd"cmTC_92ac0.dir\Debug\vc140.pdb" /Gd /TC /errorReport:queue "C:\Users\tdobhal\Downloads\canny-edge-cuda\project\build\CMakeFiles\CMakeTmp\CheckIncludeFiles.c"
  Microsoft (R) C/C++ Optimizing Compiler Version 19.00.23918 for x64
  Copyright (C) Microsoft Corporation.  All rights reserved.
  
  cl /c /Zi /W3 /WX- /Od /Ob0 /D WIN32 /D _WINDOWS /D "CMAKE_INTDIR=\"Debug\"" /D _MBCS /Gm- /RTC1 /MDd /GS /fp:precise /Zc:wchar_t /Zc:forScope /Zc:inline /Fo"cmTC_92ac0.dir\Debug\\" /Fd"cmTC_92ac0.dir\Debug\vc140.pdb" /Gd /TC /errorReport:queue "C:\Users\tdobhal\Downloads\canny-edge-cuda\project\build\CMakeFiles\CMakeTmp\CheckIncludeFiles.c"
  
  CheckIncludeFiles.c
C:\Users\tdobhal\Downloads\canny-edge-cuda\project\build\CMakeFiles\CMakeTmp\CheckIncludeFiles.c(2): fatal error C1083: Cannot open include file: 'sys/time.h': No such file or directory [C:\Users\tdobhal\Downloads\canny-edge-cuda\project\build\CMakeFiles\CMakeTmp\cmTC_92ac0.vcxproj]
Done Building Project "C:\Users\tdobhal\Downloads\canny-edge-cuda\project\build\CMakeFiles\CMakeTmp\cmTC_92ac0.vcxproj" (default targets) -- FAILED.

Build FAILED.

"C:\Users\tdobhal\Downloads\canny-edge-cuda\project\build\CMakeFiles\CMakeTmp\cmTC_92ac0.vcxproj" (default target) (1) ->
(ClCompile target) -> 
  C:\Users\tdobhal\Downloads\canny-edge-cuda\project\build\CMakeFiles\CMakeTmp\CheckIncludeFiles.c(2): fatal error C1083: Cannot open include file: 'sys/time.h': No such file or directory [C:\Users\tdobhal\Downloads\canny-edge-cuda\project\build\CMakeFiles\CMakeTmp\cmTC_92ac0.vcxproj]

    0 Warning(s)
    1 Error(s)

Time Elapsed 00:00:00.30

Source:
/* */
#include <sys/time.h>


int main(void){return 0;}

Determining if files unistd.h exist failed with the following output:
Change Dir: C:/Users/tdobhal/Downloads/canny-edge-cuda/project/build/CMakeFiles/CMakeTmp

Run Build Command:"C:/Program Files (x86)/MSBuild/14.0/bin/MSBuild.exe" "cmTC_d6fd0.vcxproj" "/p:Configuration=Debug" "/p:VisualStudioVersion=14.0"
Microsoft (R) Build Engine version 14.0.25123.0
Copyright (C) Microsoft Corporation. All rights reserved.

Build started 3/15/2019 3:06:23 PM.
Project "C:\Users\tdobhal\Downloads\canny-edge-cuda\project\build\CMakeFiles\CMakeTmp\cmTC_d6fd0.vcxproj" on node 1 (default targets).
PrepareForBuild:
  Creating directory "cmTC_d6fd0.dir\Debug\".
  Creating directory "C:\Users\tdobhal\Downloads\canny-edge-cuda\project\build\CMakeFiles\CMakeTmp\Debug\".
  Creating directory "cmTC_d6fd0.dir\Debug\cmTC_d6fd0.tlog\".
InitializeBuildStatus:
  Creating "cmTC_d6fd0.dir\Debug\cmTC_d6fd0.tlog\unsuccessfulbuild" because "AlwaysCreate" was specified.
ClCompile:
  C:\Program Files (x86)\Microsoft Visual Studio 14.0\VC\bin\x86_amd64\CL.exe /c /Zi /W3 /WX- /Od /Ob0 /D WIN32 /D _WINDOWS /D "CMAKE_INTDIR=\"Debug\"" /D _MBCS /Gm- /RTC1 /MDd /GS /fp:precise /Zc:wchar_t /Zc:forScope /Zc:inline /Fo"cmTC_d6fd0.dir\Debug\\" /Fd"cmTC_d6fd0.dir\Debug\vc140.pdb" /Gd /TC /errorReport:queue "C:\Users\tdobhal\Downloads\canny-edge-cuda\project\build\CMakeFiles\CMakeTmp\CheckIncludeFiles.c"
  Microsoft (R) C/C++ Optimizing Compiler Version 19.00.23918 for x64
  Copyright (C) Microsoft Corporation.  All rights reserved.
  
  cl /c /Zi /W3 /WX- /Od /Ob0 /D WIN32 /D _WINDOWS /D "CMAKE_INTDIR=\"Debug\"" /D _MBCS /Gm- /RTC1 /MDd /GS /fp:precise /Zc:wchar_t /Zc:forScope /Zc:inline /Fo"cmTC_d6fd0.dir\Debug\\" /Fd"cmTC_d6fd0.dir\Debug\vc140.pdb" /Gd /TC /errorReport:queue "C:\Users\tdobhal\Downloads\canny-edge-cuda\project\build\CMakeFiles\CMakeTmp\CheckIncludeFiles.c"
  
  CheckIncludeFiles.c
C:\Users\tdobhal\Downloads\canny-edge-cuda\project\build\CMakeFiles\CMakeTmp\CheckIncludeFiles.c(2): fatal error C1083: Cannot open include file: 'unistd.h': No such file or directory [C:\Users\tdobhal\Downloads\canny-edge-cuda\project\build\CMakeFiles\CMakeTmp\cmTC_d6fd0.vcxproj]
Done Building Project "C:\Users\tdobhal\Downloads\canny-edge-cuda\project\build\CMakeFiles\CMakeTmp\cmTC_d6fd0.vcxproj" (default targets) -- FAILED.

Build FAILED.

"C:\Users\tdobhal\Downloads\canny-edge-cuda\project\build\CMakeFiles\CMakeTmp\cmTC_d6fd0.vcxproj" (default target) (1) ->
(ClCompile target) -> 
  C:\Users\tdobhal\Downloads\canny-edge-cuda\project\build\CMakeFiles\CMakeTmp\CheckIncludeFiles.c(2): fatal error C1083: Cannot open include file: 'unistd.h': No such file or directory [C:\Users\tdobhal\Downloads\canny-edge-cuda\project\build\CMakeFiles\CMakeTmp\cmTC_d6fd0.vcxproj]

    0 Warning(s)
    1 Error(s)

Time Elapsed 00:00:00.31

Source:
/* */
#include <unistd.h>


int main(void){return 0;}

Determining if files ieeefp.h exist failed with the following output:
Change Dir: C:/Users/tdobhal/Downloads/canny-edge-cuda/project/build/CMakeFiles/CMakeTmp

Run Build Command:"C:/Program Files (x86)/MSBuild/14.0/bin/MSBuild.exe" "cmTC_b308b.vcxproj" "/p:Configuration=Debug" "/p:VisualStudioVersion=14.0"
Microsoft (R) Build Engine version 14.0.25123.0
Copyright (C) Microsoft Corporation. All rights reserved.

Build started 3/15/2019 3:06:24 PM.
Project "C:\Users\tdobhal\Downloads\canny-edge-cuda\project\build\CMakeFiles\CMakeTmp\cmTC_b308b.vcxproj" on node 1 (default targets).
PrepareForBuild:
  Creating directory "cmTC_b308b.dir\Debug\".
  Creating directory "C:\Users\tdobhal\Downloads\canny-edge-cuda\project\build\CMakeFiles\CMakeTmp\Debug\".
  Creating directory "cmTC_b308b.dir\Debug\cmTC_b308b.tlog\".
InitializeBuildStatus:
  Creating "cmTC_b308b.dir\Debug\cmTC_b308b.tlog\unsuccessfulbuild" because "AlwaysCreate" was specified.
ClCompile:
  C:\Program Files (x86)\Microsoft Visual Studio 14.0\VC\bin\x86_amd64\CL.exe /c /Zi /W3 /WX- /Od /Ob0 /D WIN32 /D _WINDOWS /D "CMAKE_INTDIR=\"Debug\"" /D _MBCS /Gm- /RTC1 /MDd /GS /fp:precise /Zc:wchar_t /Zc:forScope /Zc:inline /Fo"cmTC_b308b.dir\Debug\\" /Fd"cmTC_b308b.dir\Debug\vc140.pdb" /Gd /TC /errorReport:queue "C:\Users\tdobhal\Downloads\canny-edge-cuda\project\build\CMakeFiles\CMakeTmp\CheckIncludeFiles.c"
  Microsoft (R) C/C++ Optimizing Compiler Version 19.00.23918 for x64
  Copyright (C) Microsoft Corporation.  All rights reserved.
  
  cl /c /Zi /W3 /WX- /Od /Ob0 /D WIN32 /D _WINDOWS /D "CMAKE_INTDIR=\"Debug\"" /D _MBCS /Gm- /RTC1 /MDd /GS /fp:precise /Zc:wchar_t /Zc:forScope /Zc:inline /Fo"cmTC_b308b.dir\Debug\\" /Fd"cmTC_b308b.dir\Debug\vc140.pdb" /Gd /TC /errorReport:queue "C:\Users\tdobhal\Downloads\canny-edge-cuda\project\build\CMakeFiles\CMakeTmp\CheckIncludeFiles.c"
  
  CheckIncludeFiles.c
C:\Users\tdobhal\Downloads\canny-edge-cuda\project\build\CMakeFiles\CMakeTmp\CheckIncludeFiles.c(2): fatal error C1083: Cannot open include file: 'ieeefp.h': No such file or directory [C:\Users\tdobhal\Downloads\canny-edge-cuda\project\build\CMakeFiles\CMakeTmp\cmTC_b308b.vcxproj]
Done Building Project "C:\Users\tdobhal\Downloads\canny-edge-cuda\project\build\CMakeFiles\CMakeTmp\cmTC_b308b.vcxproj" (default targets) -- FAILED.

Build FAILED.

"C:\Users\tdobhal\Downloads\canny-edge-cuda\project\build\CMakeFiles\CMakeTmp\cmTC_b308b.vcxproj" (default target) (1) ->
(ClCompile target) -> 
  C:\Users\tdobhal\Downloads\canny-edge-cuda\project\build\CMakeFiles\CMakeTmp\CheckIncludeFiles.c(2): fatal error C1083: Cannot open include file: 'ieeefp.h': No such file or directory [C:\Users\tdobhal\Downloads\canny-edge-cuda\project\build\CMakeFiles\CMakeTmp\cmTC_b308b.vcxproj]

    0 Warning(s)
    1 Error(s)

Time Elapsed 00:00:00.32

Source:
/* */
#include <ieeefp.h>


int main(void){return 0;}

Determining if the function getopt exists failed with the following output:
Change Dir: C:/Users/tdobhal/Downloads/canny-edge-cuda/project/build/CMakeFiles/CMakeTmp

Run Build Command:"C:/Program Files (x86)/MSBuild/14.0/bin/MSBuild.exe" "cmTC_bf25c.vcxproj" "/p:Configuration=Debug" "/p:VisualStudioVersion=14.0"
Microsoft (R) Build Engine version 14.0.25123.0
Copyright (C) Microsoft Corporation. All rights reserved.

Build started 3/15/2019 3:06:24 PM.
Project "C:\Users\tdobhal\Downloads\canny-edge-cuda\project\build\CMakeFiles\CMakeTmp\cmTC_bf25c.vcxproj" on node 1 (default targets).
PrepareForBuild:
  Creating directory "cmTC_bf25c.dir\Debug\".
  Creating directory "C:\Users\tdobhal\Downloads\canny-edge-cuda\project\build\CMakeFiles\CMakeTmp\Debug\".
  Creating directory "cmTC_bf25c.dir\Debug\cmTC_bf25c.tlog\".
InitializeBuildStatus:
  Creating "cmTC_bf25c.dir\Debug\cmTC_bf25c.tlog\unsuccessfulbuild" because "AlwaysCreate" was specified.
ClCompile:
  C:\Program Files (x86)\Microsoft Visual Studio 14.0\VC\bin\x86_amd64\CL.exe /c /Zi /W3 /WX- /Od /Ob0 /D WIN32 /D _WINDOWS /D CHECK_FUNCTION_EXISTS=getopt /D "CMAKE_INTDIR=\"Debug\"" /D _MBCS /Gm- /RTC1 /MDd /GS /fp:precise /Zc:wchar_t /Zc:forScope /Zc:inline /Fo"cmTC_bf25c.dir\Debug\\" /Fd"cmTC_bf25c.dir\Debug\vc140.pdb" /Gd /TC /errorReport:queue "C:\Program Files\CMake\share\cmake-3.10\Modules\CheckFunctionExists.c"
  Microsoft (R) C/C++ Optimizing Compiler Version 19.00.23918 for x64
  Copyright (C) Microsoft Corporation.  All rights reserved.
  
  cl /c /Zi /W3 /WX- /Od /Ob0 /D WIN32 /D _WINDOWS /D CHECK_FUNCTION_EXISTS=getopt /D "CMAKE_INTDIR=\"Debug\"" /D _MBCS /Gm- /RTC1 /MDd /GS /fp:precise /Zc:wchar_t /Zc:forScope /Zc:inline /Fo"cmTC_bf25c.dir\Debug\\" /Fd"cmTC_bf25c.dir\Debug\vc140.pdb" /Gd /TC /errorReport:queue "C:\Program Files\CMake\share\cmake-3.10\Modules\CheckFunctionExists.c"
  
  CheckFunctionExists.c
Link:
  C:\Program Files (x86)\Microsoft Visual Studio 14.0\VC\bin\x86_amd64\link.exe /ERRORREPORT:QUEUE /OUT:"C:\Users\tdobhal\Downloads\canny-edge-cuda\project\build\CMakeFiles\CMakeTmp\Debug\cmTC_bf25c.exe" /INCREMENTAL /NOLOGO kernel32.lib user32.lib gdi32.lib winspool.lib shell32.lib ole32.lib oleaut32.lib uuid.lib comdlg32.lib advapi32.lib /MANIFEST /MANIFESTUAC:"level='asInvoker' uiAccess='false'" /manifest:embed /DEBUG /PDB:"C:/Users/tdobhal/Downloads/canny-edge-cuda/project/build/CMakeFiles/CMakeTmp/Debug/cmTC_bf25c.pdb" /SUBSYSTEM:CONSOLE /TLBID:1 /DYNAMICBASE /NXCOMPAT /IMPLIB:"C:/Users/tdobhal/Downloads/canny-edge-cuda/project/build/CMakeFiles/CMakeTmp/Debug/cmTC_bf25c.lib" /MACHINE:X64  /machine:x64 cmTC_bf25c.dir\Debug\CheckFunctionExists.obj
CheckFunctionExists.obj : error LNK2019: unresolved external symbol getopt referenced in function main [C:\Users\tdobhal\Downloads\canny-edge-cuda\project\build\CMakeFiles\CMakeTmp\cmTC_bf25c.vcxproj]
C:\Users\tdobhal\Downloads\canny-edge-cuda\project\build\CMakeFiles\CMakeTmp\Debug\cmTC_bf25c.exe : fatal error LNK1120: 1 unresolved externals [C:\Users\tdobhal\Downloads\canny-edge-cuda\project\build\CMakeFiles\CMakeTmp\cmTC_bf25c.vcxproj]
Done Building Project "C:\Users\tdobhal\Downloads\canny-edge-cuda\project\build\CMakeFiles\CMakeTmp\cmTC_bf25c.vcxproj" (default targets) -- FAILED.

Build FAILED.

"C:\Users\tdobhal\Downloads\canny-edge-cuda\project\build\CMakeFiles\CMakeTmp\cmTC_bf25c.vcxproj" (default target) (1) ->
(Link target) -> 
  CheckFunctionExists.obj : error LNK2019: unresolved external symbol getopt referenced in function main [C:\Users\tdobhal\Downloads\canny-edge-cuda\project\build\CMakeFiles\CMakeTmp\cmTC_bf25c.vcxproj]
  C:\Users\tdobhal\Downloads\canny-edge-cuda\project\build\CMakeFiles\CMakeTmp\Debug\cmTC_bf25c.exe : fatal error LNK1120: 1 unresolved externals [C:\Users\tdobhal\Downloads\canny-edge-cuda\project\build\CMakeFiles\CMakeTmp\cmTC_bf25c.vcxproj]

    0 Warning(s)
    2 Error(s)

Time Elapsed 00:00:00.51


Determining if the function isascii exists failed with the following output:
Change Dir: C:/Users/tdobhal/Downloads/canny-edge-cuda/project/build/CMakeFiles/CMakeTmp

Run Build Command:"C:/Program Files (x86)/MSBuild/14.0/bin/MSBuild.exe" "cmTC_ece0b.vcxproj" "/p:Configuration=Debug" "/p:VisualStudioVersion=14.0"
Microsoft (R) Build Engine version 14.0.25123.0
Copyright (C) Microsoft Corporation. All rights reserved.

Build started 3/15/2019 3:06:25 PM.
Project "C:\Users\tdobhal\Downloads\canny-edge-cuda\project\build\CMakeFiles\CMakeTmp\cmTC_ece0b.vcxproj" on node 1 (default targets).
PrepareForBuild:
  Creating directory "cmTC_ece0b.dir\Debug\".
  Creating directory "C:\Users\tdobhal\Downloads\canny-edge-cuda\project\build\CMakeFiles\CMakeTmp\Debug\".
  Creating directory "cmTC_ece0b.dir\Debug\cmTC_ece0b.tlog\".
InitializeBuildStatus:
  Creating "cmTC_ece0b.dir\Debug\cmTC_ece0b.tlog\unsuccessfulbuild" because "AlwaysCreate" was specified.
ClCompile:
  C:\Program Files (x86)\Microsoft Visual Studio 14.0\VC\bin\x86_amd64\CL.exe /c /Zi /W3 /WX- /Od /Ob0 /D WIN32 /D _WINDOWS /D CHECK_FUNCTION_EXISTS=isascii /D "CMAKE_INTDIR=\"Debug\"" /D _MBCS /Gm- /RTC1 /MDd /GS /fp:precise /Zc:wchar_t /Zc:forScope /Zc:inline /Fo"cmTC_ece0b.dir\Debug\\" /Fd"cmTC_ece0b.dir\Debug\vc140.pdb" /Gd /TC /errorReport:queue "C:\Program Files\CMake\share\cmake-3.10\Modules\CheckFunctionExists.c"
  Microsoft (R) C/C++ Optimizing Compiler Version 19.00.23918 for x64
  Copyright (C) Microsoft Corporation.  All rights reserved.
  
  cl /c /Zi /W3 /WX- /Od /Ob0 /D WIN32 /D _WINDOWS /D CHECK_FUNCTION_EXISTS=isascii /D "CMAKE_INTDIR=\"Debug\"" /D _MBCS /Gm- /RTC1 /MDd /GS /fp:precise /Zc:wchar_t /Zc:forScope /Zc:inline /Fo"cmTC_ece0b.dir\Debug\\" /Fd"cmTC_ece0b.dir\Debug\vc140.pdb" /Gd /TC /errorReport:queue "C:\Program Files\CMake\share\cmake-3.10\Modules\CheckFunctionExists.c"
  
  CheckFunctionExists.c
Link:
  C:\Program Files (x86)\Microsoft Visual Studio 14.0\VC\bin\x86_amd64\link.exe /ERRORREPORT:QUEUE /OUT:"C:\Users\tdobhal\Downloads\canny-edge-cuda\project\build\CMakeFiles\CMakeTmp\Debug\cmTC_ece0b.exe" /INCREMENTAL /NOLOGO kernel32.lib user32.lib gdi32.lib winspool.lib shell32.lib ole32.lib oleaut32.lib uuid.lib comdlg32.lib advapi32.lib /MANIFEST /MANIFESTUAC:"level='asInvoker' uiAccess='false'" /manifest:embed /DEBUG /PDB:"C:/Users/tdobhal/Downloads/canny-edge-cuda/project/build/CMakeFiles/CMakeTmp/Debug/cmTC_ece0b.pdb" /SUBSYSTEM:CONSOLE /TLBID:1 /DYNAMICBASE /NXCOMPAT /IMPLIB:"C:/Users/tdobhal/Downloads/canny-edge-cuda/project/build/CMakeFiles/CMakeTmp/Debug/cmTC_ece0b.lib" /MACHINE:X64  /machine:x64 cmTC_ece0b.dir\Debug\CheckFunctionExists.obj
CheckFunctionExists.obj : error LNK2019: unresolved external symbol isascii referenced in function main [C:\Users\tdobhal\Downloads\canny-edge-cuda\project\build\CMakeFiles\CMakeTmp\cmTC_ece0b.vcxproj]
C:\Users\tdobhal\Downloads\canny-edge-cuda\project\build\CMakeFiles\CMakeTmp\Debug\cmTC_ece0b.exe : fatal error LNK1120: 1 unresolved externals [C:\Users\tdobhal\Downloads\canny-edge-cuda\project\build\CMakeFiles\CMakeTmp\cmTC_ece0b.vcxproj]
Done Building Project "C:\Users\tdobhal\Downloads\canny-edge-cuda\project\build\CMakeFiles\CMakeTmp\cmTC_ece0b.vcxproj" (default targets) -- FAILED.

Build FAILED.

"C:\Users\tdobhal\Downloads\canny-edge-cuda\project\build\CMakeFiles\CMakeTmp\cmTC_ece0b.vcxproj" (default target) (1) ->
(Link target) -> 
  CheckFunctionExists.obj : error LNK2019: unresolved external symbol isascii referenced in function main [C:\Users\tdobhal\Downloads\canny-edge-cuda\project\build\CMakeFiles\CMakeTmp\cmTC_ece0b.vcxproj]
  C:\Users\tdobhal\Downloads\canny-edge-cuda\project\build\CMakeFiles\CMakeTmp\Debug\cmTC_ece0b.exe : fatal error LNK1120: 1 unresolved externals [C:\Users\tdobhal\Downloads\canny-edge-cuda\project\build\CMakeFiles\CMakeTmp\cmTC_ece0b.vcxproj]

    0 Warning(s)
    2 Error(s)

Time Elapsed 00:00:00.44


Determining if the function mmap exists failed with the following output:
Change Dir: C:/Users/tdobhal/Downloads/canny-edge-cuda/project/build/CMakeFiles/CMakeTmp

Run Build Command:"C:/Program Files (x86)/MSBuild/14.0/bin/MSBuild.exe" "cmTC_1d8e8.vcxproj" "/p:Configuration=Debug" "/p:VisualStudioVersion=14.0"
Microsoft (R) Build Engine version 14.0.25123.0
Copyright (C) Microsoft Corporation. All rights reserved.

Build started 3/15/2019 3:06:27 PM.
Project "C:\Users\tdobhal\Downloads\canny-edge-cuda\project\build\CMakeFiles\CMakeTmp\cmTC_1d8e8.vcxproj" on node 1 (default targets).
PrepareForBuild:
  Creating directory "cmTC_1d8e8.dir\Debug\".
  Creating directory "C:\Users\tdobhal\Downloads\canny-edge-cuda\project\build\CMakeFiles\CMakeTmp\Debug\".
  Creating directory "cmTC_1d8e8.dir\Debug\cmTC_1d8e8.tlog\".
InitializeBuildStatus:
  Creating "cmTC_1d8e8.dir\Debug\cmTC_1d8e8.tlog\unsuccessfulbuild" because "AlwaysCreate" was specified.
ClCompile:
  C:\Program Files (x86)\Microsoft Visual Studio 14.0\VC\bin\x86_amd64\CL.exe /c /Zi /W3 /WX- /Od /Ob0 /D WIN32 /D _WINDOWS /D CHECK_FUNCTION_EXISTS=mmap /D "CMAKE_INTDIR=\"Debug\"" /D _MBCS /Gm- /RTC1 /MDd /GS /fp:precise /Zc:wchar_t /Zc:forScope /Zc:inline /Fo"cmTC_1d8e8.dir\Debug\\" /Fd"cmTC_1d8e8.dir\Debug\vc140.pdb" /Gd /TC /errorReport:queue "C:\Program Files\CMake\share\cmake-3.10\Modules\CheckFunctionExists.c"
  Microsoft (R) C/C++ Optimizing Compiler Version 19.00.23918 for x64
  Copyright (C) Microsoft Corporation.  All rights reserved.
  
  cl /c /Zi /W3 /WX- /Od /Ob0 /D WIN32 /D _WINDOWS /D CHECK_FUNCTION_EXISTS=mmap /D "CMAKE_INTDIR=\"Debug\"" /D _MBCS /Gm- /RTC1 /MDd /GS /fp:precise /Zc:wchar_t /Zc:forScope /Zc:inline /Fo"cmTC_1d8e8.dir\Debug\\" /Fd"cmTC_1d8e8.dir\Debug\vc140.pdb" /Gd /TC /errorReport:queue "C:\Program Files\CMake\share\cmake-3.10\Modules\CheckFunctionExists.c"
  
  CheckFunctionExists.c
Link:
  C:\Program Files (x86)\Microsoft Visual Studio 14.0\VC\bin\x86_amd64\link.exe /ERRORREPORT:QUEUE /OUT:"C:\Users\tdobhal\Downloads\canny-edge-cuda\project\build\CMakeFiles\CMakeTmp\Debug\cmTC_1d8e8.exe" /INCREMENTAL /NOLOGO kernel32.lib user32.lib gdi32.lib winspool.lib shell32.lib ole32.lib oleaut32.lib uuid.lib comdlg32.lib advapi32.lib /MANIFEST /MANIFESTUAC:"level='asInvoker' uiAccess='false'" /manifest:embed /DEBUG /PDB:"C:/Users/tdobhal/Downloads/canny-edge-cuda/project/build/CMakeFiles/CMakeTmp/Debug/cmTC_1d8e8.pdb" /SUBSYSTEM:CONSOLE /TLBID:1 /DYNAMICBASE /NXCOMPAT /IMPLIB:"C:/Users/tdobhal/Downloads/canny-edge-cuda/project/build/CMakeFiles/CMakeTmp/Debug/cmTC_1d8e8.lib" /MACHINE:X64  /machine:x64 cmTC_1d8e8.dir\Debug\CheckFunctionExists.obj
CheckFunctionExists.obj : error LNK2019: unresolved external symbol mmap referenced in function main [C:\Users\tdobhal\Downloads\canny-edge-cuda\project\build\CMakeFiles\CMakeTmp\cmTC_1d8e8.vcxproj]
C:\Users\tdobhal\Downloads\canny-edge-cuda\project\build\CMakeFiles\CMakeTmp\Debug\cmTC_1d8e8.exe : fatal error LNK1120: 1 unresolved externals [C:\Users\tdobhal\Downloads\canny-edge-cuda\project\build\CMakeFiles\CMakeTmp\cmTC_1d8e8.vcxproj]
Done Building Project "C:\Users\tdobhal\Downloads\canny-edge-cuda\project\build\CMakeFiles\CMakeTmp\cmTC_1d8e8.vcxproj" (default targets) -- FAILED.

Build FAILED.

"C:\Users\tdobhal\Downloads\canny-edge-cuda\project\build\CMakeFiles\CMakeTmp\cmTC_1d8e8.vcxproj" (default target) (1) ->
(Link target) -> 
  CheckFunctionExists.obj : error LNK2019: unresolved external symbol mmap referenced in function main [C:\Users\tdobhal\Downloads\canny-edge-cuda\project\build\CMakeFiles\CMakeTmp\cmTC_1d8e8.vcxproj]
  C:\Users\tdobhal\Downloads\canny-edge-cuda\project\build\CMakeFiles\CMakeTmp\Debug\cmTC_1d8e8.exe : fatal error LNK1120: 1 unresolved externals [C:\Users\tdobhal\Downloads\canny-edge-cuda\project\build\CMakeFiles\CMakeTmp\cmTC_1d8e8.vcxproj]

    0 Warning(s)
    2 Error(s)

Time Elapsed 00:00:00.44


Determining if the function strcasecmp exists failed with the following output:
Change Dir: C:/Users/tdobhal/Downloads/canny-edge-cuda/project/build/CMakeFiles/CMakeTmp

Run Build Command:"C:/Program Files (x86)/MSBuild/14.0/bin/MSBuild.exe" "cmTC_56798.vcxproj" "/p:Configuration=Debug" "/p:VisualStudioVersion=14.0"
Microsoft (R) Build Engine version 14.0.25123.0
Copyright (C) Microsoft Corporation. All rights reserved.

Build started 3/15/2019 3:06:27 PM.
Project "C:\Users\tdobhal\Downloads\canny-edge-cuda\project\build\CMakeFiles\CMakeTmp\cmTC_56798.vcxproj" on node 1 (default targets).
PrepareForBuild:
  Creating directory "cmTC_56798.dir\Debug\".
  Creating directory "C:\Users\tdobhal\Downloads\canny-edge-cuda\project\build\CMakeFiles\CMakeTmp\Debug\".
  Creating directory "cmTC_56798.dir\Debug\cmTC_56798.tlog\".
InitializeBuildStatus:
  Creating "cmTC_56798.dir\Debug\cmTC_56798.tlog\unsuccessfulbuild" because "AlwaysCreate" was specified.
ClCompile:
  C:\Program Files (x86)\Microsoft Visual Studio 14.0\VC\bin\x86_amd64\CL.exe /c /Zi /W3 /WX- /Od /Ob0 /D WIN32 /D _WINDOWS /D CHECK_FUNCTION_EXISTS=strcasecmp /D "CMAKE_INTDIR=\"Debug\"" /D _MBCS /Gm- /RTC1 /MDd /GS /fp:precise /Zc:wchar_t /Zc:forScope /Zc:inline /Fo"cmTC_56798.dir\Debug\\" /Fd"cmTC_56798.dir\Debug\vc140.pdb" /Gd /TC /errorReport:queue "C:\Program Files\CMake\share\cmake-3.10\Modules\CheckFunctionExists.c"
  Microsoft (R) C/C++ Optimizing Compiler Version 19.00.23918 for x64
  Copyright (C) Microsoft Corporation.  All rights reserved.
  
  cl /c /Zi /W3 /WX- /Od /Ob0 /D WIN32 /D _WINDOWS /D CHECK_FUNCTION_EXISTS=strcasecmp /D "CMAKE_INTDIR=\"Debug\"" /D _MBCS /Gm- /RTC1 /MDd /GS /fp:precise /Zc:wchar_t /Zc:forScope /Zc:inline /Fo"cmTC_56798.dir\Debug\\" /Fd"cmTC_56798.dir\Debug\vc140.pdb" /Gd /TC /errorReport:queue "C:\Program Files\CMake\share\cmake-3.10\Modules\CheckFunctionExists.c"
  
  CheckFunctionExists.c
Link:
  C:\Program Files (x86)\Microsoft Visual Studio 14.0\VC\bin\x86_amd64\link.exe /ERRORREPORT:QUEUE /OUT:"C:\Users\tdobhal\Downloads\canny-edge-cuda\project\build\CMakeFiles\CMakeTmp\Debug\cmTC_56798.exe" /INCREMENTAL /NOLOGO kernel32.lib user32.lib gdi32.lib winspool.lib shell32.lib ole32.lib oleaut32.lib uuid.lib comdlg32.lib advapi32.lib /MANIFEST /MANIFESTUAC:"level='asInvoker' uiAccess='false'" /manifest:embed /DEBUG /PDB:"C:/Users/tdobhal/Downloads/canny-edge-cuda/project/build/CMakeFiles/CMakeTmp/Debug/cmTC_56798.pdb" /SUBSYSTEM:CONSOLE /TLBID:1 /DYNAMICBASE /NXCOMPAT /IMPLIB:"C:/Users/tdobhal/Downloads/canny-edge-cuda/project/build/CMakeFiles/CMakeTmp/Debug/cmTC_56798.lib" /MACHINE:X64  /machine:x64 cmTC_56798.dir\Debug\CheckFunctionExists.obj
CheckFunctionExists.obj : error LNK2019: unresolved external symbol strcasecmp referenced in function main [C:\Users\tdobhal\Downloads\canny-edge-cuda\project\build\CMakeFiles\CMakeTmp\cmTC_56798.vcxproj]
C:\Users\tdobhal\Downloads\canny-edge-cuda\project\build\CMakeFiles\CMakeTmp\Debug\cmTC_56798.exe : fatal error LNK1120: 1 unresolved externals [C:\Users\tdobhal\Downloads\canny-edge-cuda\project\build\CMakeFiles\CMakeTmp\cmTC_56798.vcxproj]
Done Building Project "C:\Users\tdobhal\Downloads\canny-edge-cuda\project\build\CMakeFiles\CMakeTmp\cmTC_56798.vcxproj" (default targets) -- FAILED.

Build FAILED.

"C:\Users\tdobhal\Downloads\canny-edge-cuda\project\build\CMakeFiles\CMakeTmp\cmTC_56798.vcxproj" (default target) (1) ->
(Link target) -> 
  CheckFunctionExists.obj : error LNK2019: unresolved external symbol strcasecmp referenced in function main [C:\Users\tdobhal\Downloads\canny-edge-cuda\project\build\CMakeFiles\CMakeTmp\cmTC_56798.vcxproj]
  C:\Users\tdobhal\Downloads\canny-edge-cuda\project\build\CMakeFiles\CMakeTmp\Debug\cmTC_56798.exe : fatal error LNK1120: 1 unresolved externals [C:\Users\tdobhal\Downloads\canny-edge-cuda\project\build\CMakeFiles\CMakeTmp\cmTC_56798.vcxproj]

    0 Warning(s)
    2 Error(s)

Time Elapsed 00:00:00.44


Determining size of ssize_t failed with the following output:
Change Dir: C:/Users/tdobhal/Downloads/canny-edge-cuda/project/build/CMakeFiles/CMakeTmp

Run Build Command:"C:/Program Files (x86)/MSBuild/14.0/bin/MSBuild.exe" "cmTC_57c06.vcxproj" "/p:Configuration=Debug" "/p:VisualStudioVersion=14.0"
Microsoft (R) Build Engine version 14.0.25123.0
Copyright (C) Microsoft Corporation. All rights reserved.

Build started 3/15/2019 3:06:37 PM.
Project "C:\Users\tdobhal\Downloads\canny-edge-cuda\project\build\CMakeFiles\CMakeTmp\cmTC_57c06.vcxproj" on node 1 (default targets).
PrepareForBuild:
  Creating directory "cmTC_57c06.dir\Debug\".
  Creating directory "C:\Users\tdobhal\Downloads\canny-edge-cuda\project\build\CMakeFiles\CMakeTmp\Debug\".
  Creating directory "cmTC_57c06.dir\Debug\cmTC_57c06.tlog\".
InitializeBuildStatus:
  Creating "cmTC_57c06.dir\Debug\cmTC_57c06.tlog\unsuccessfulbuild" because "AlwaysCreate" was specified.
ClCompile:
  C:\Program Files (x86)\Microsoft Visual Studio 14.0\VC\bin\x86_amd64\CL.exe /c /Zi /W3 /WX- /Od /Ob0 /D WIN32 /D _WINDOWS /D "CMAKE_INTDIR=\"Debug\"" /D _MBCS /Gm- /RTC1 /MDd /GS /fp:precise /Zc:wchar_t /Zc:forScope /Zc:inline /Fo"cmTC_57c06.dir\Debug\\" /Fd"cmTC_57c06.dir\Debug\vc140.pdb" /Gd /TC /errorReport:queue "C:\Users\tdobhal\Downloads\canny-edge-cuda\project\build\CMakeFiles\CheckTypeSize\SSIZE_T.c"
  Microsoft (R) C/C++ Optimizing Compiler Version 19.00.23918 for x64
  Copyright (C) Microsoft Corporation.  All rights reserved.
  
  cl /c /Zi /W3 /WX- /Od /Ob0 /D WIN32 /D _WINDOWS /D "CMAKE_INTDIR=\"Debug\"" /D _MBCS /Gm- /RTC1 /MDd /GS /fp:precise /Zc:wchar_t /Zc:forScope /Zc:inline /Fo"cmTC_57c06.dir\Debug\\" /Fd"cmTC_57c06.dir\Debug\vc140.pdb" /Gd /TC /errorReport:queue "C:\Users\tdobhal\Downloads\canny-edge-cuda\project\build\CMakeFiles\CheckTypeSize\SSIZE_T.c"
  
  SSIZE_T.c
C:\Users\tdobhal\Downloads\canny-edge-cuda\project\build\CMakeFiles\CheckTypeSize\SSIZE_T.c(25): error C2065: 'ssize_t': undeclared identifier [C:\Users\tdobhal\Downloads\canny-edge-cuda\project\build\CMakeFiles\CMakeTmp\cmTC_57c06.vcxproj]
C:\Users\tdobhal\Downloads\canny-edge-cuda\project\build\CMakeFiles\CheckTypeSize\SSIZE_T.c(26): error C2065: 'ssize_t': undeclared identifier [C:\Users\tdobhal\Downloads\canny-edge-cuda\project\build\CMakeFiles\CMakeTmp\cmTC_57c06.vcxproj]
C:\Users\tdobhal\Downloads\canny-edge-cuda\project\build\CMakeFiles\CheckTypeSize\SSIZE_T.c(27): error C2065: 'ssize_t': undeclared identifier [C:\Users\tdobhal\Downloads\canny-edge-cuda\project\build\CMakeFiles\CMakeTmp\cmTC_57c06.vcxproj]
C:\Users\tdobhal\Downloads\canny-edge-cuda\project\build\CMakeFiles\CheckTypeSize\SSIZE_T.c(28): error C2065: 'ssize_t': undeclared identifier [C:\Users\tdobhal\Downloads\canny-edge-cuda\project\build\CMakeFiles\CMakeTmp\cmTC_57c06.vcxproj]
C:\Users\tdobhal\Downloads\canny-edge-cuda\project\build\CMakeFiles\CheckTypeSize\SSIZE_T.c(29): error C2065: 'ssize_t': undeclared identifier [C:\Users\tdobhal\Downloads\canny-edge-cuda\project\build\CMakeFiles\CMakeTmp\cmTC_57c06.vcxproj]
Done Building Project "C:\Users\tdobhal\Downloads\canny-edge-cuda\project\build\CMakeFiles\CMakeTmp\cmTC_57c06.vcxproj" (default targets) -- FAILED.

Build FAILED.

"C:\Users\tdobhal\Downloads\canny-edge-cuda\project\build\CMakeFiles\CMakeTmp\cmTC_57c06.vcxproj" (default target) (1) ->
(ClCompile target) -> 
  C:\Users\tdobhal\Downloads\canny-edge-cuda\project\build\CMakeFiles\CheckTypeSize\SSIZE_T.c(25): error C2065: 'ssize_t': undeclared identifier [C:\Users\tdobhal\Downloads\canny-edge-cuda\project\build\CMakeFiles\CMakeTmp\cmTC_57c06.vcxproj]
  C:\Users\tdobhal\Downloads\canny-edge-cuda\project\build\CMakeFiles\CheckTypeSize\SSIZE_T.c(26): error C2065: 'ssize_t': undeclared identifier [C:\Users\tdobhal\Downloads\canny-edge-cuda\project\build\CMakeFiles\CMakeTmp\cmTC_57c06.vcxproj]
  C:\Users\tdobhal\Downloads\canny-edge-cuda\project\build\CMakeFiles\CheckTypeSize\SSIZE_T.c(27): error C2065: 'ssize_t': undeclared identifier [C:\Users\tdobhal\Downloads\canny-edge-cuda\project\build\CMakeFiles\CMakeTmp\cmTC_57c06.vcxproj]
  C:\Users\tdobhal\Downloads\canny-edge-cuda\project\build\CMakeFiles\CheckTypeSize\SSIZE_T.c(28): error C2065: 'ssize_t': undeclared identifier [C:\Users\tdobhal\Downloads\canny-edge-cuda\project\build\CMakeFiles\CMakeTmp\cmTC_57c06.vcxproj]
  C:\Users\tdobhal\Downloads\canny-edge-cuda\project\build\CMakeFiles\CheckTypeSize\SSIZE_T.c(29): error C2065: 'ssize_t': undeclared identifier [C:\Users\tdobhal\Downloads\canny-edge-cuda\project\build\CMakeFiles\CMakeTmp\cmTC_57c06.vcxproj]

    0 Warning(s)
    5 Error(s)

Time Elapsed 00:00:00.31

C:/Users/tdobhal/Downloads/canny-edge-cuda/project/build/CMakeFiles/CheckTypeSize/SSIZE_T.c:
#include <sys/types.h>
#include <stdint.h>
#include <stddef.h>


#undef KEY
#if defined(__i386)
# define KEY '_','_','i','3','8','6'
#elif defined(__x86_64)
# define KEY '_','_','x','8','6','_','6','4'
#elif defined(__ppc__)
# define KEY '_','_','p','p','c','_','_'
#elif defined(__ppc64__)
# define KEY '_','_','p','p','c','6','4','_','_'
#elif defined(__aarch64__)
# define KEY '_','_','a','a','r','c','h','6','4','_','_'
#elif defined(__ARM_ARCH_7A__)
# define KEY '_','_','A','R','M','_','A','R','C','H','_','7','A','_','_'
#elif defined(__ARM_ARCH_7S__)
# define KEY '_','_','A','R','M','_','A','R','C','H','_','7','S','_','_'
#endif

#define SIZE (sizeof(ssize_t))
char info_size[] =  {'I', 'N', 'F', 'O', ':', 's','i','z','e','[',
  ('0' + ((SIZE / 10000)%10)),
  ('0' + ((SIZE / 1000)%10)),
  ('0' + ((SIZE / 100)%10)),
  ('0' + ((SIZE / 10)%10)),
  ('0' +  (SIZE    % 10)),
  ']',
#ifdef KEY
  ' ','k','e','y','[', KEY, ']',
#endif
  '\0'};

#ifdef __CLASSIC_C__
int main(argc, argv) int argc; char *argv[];
#else
int main(int argc, char *argv[])
#endif
{
  int require = 0;
  require += info_size[argc];
  (void)argv;
  return require;
}


Determining if the setmod exist failed with the following output:
Change Dir: C:/Users/tdobhal/Downloads/canny-edge-cuda/project/build/CMakeFiles/CMakeTmp

Run Build Command:"C:/Program Files (x86)/MSBuild/14.0/bin/MSBuild.exe" "cmTC_bed97.vcxproj" "/p:Configuration=Debug" "/p:VisualStudioVersion=14.0"
Microsoft (R) Build Engine version 14.0.25123.0
Copyright (C) Microsoft Corporation. All rights reserved.

Build started 3/15/2019 3:06:40 PM.
Project "C:\Users\tdobhal\Downloads\canny-edge-cuda\project\build\CMakeFiles\CMakeTmp\cmTC_bed97.vcxproj" on node 1 (default targets).
PrepareForBuild:
  Creating directory "cmTC_bed97.dir\Debug\".
  Creating directory "C:\Users\tdobhal\Downloads\canny-edge-cuda\project\build\CMakeFiles\CMakeTmp\Debug\".
  Creating directory "cmTC_bed97.dir\Debug\cmTC_bed97.tlog\".
InitializeBuildStatus:
  Creating "cmTC_bed97.dir\Debug\cmTC_bed97.tlog\unsuccessfulbuild" because "AlwaysCreate" was specified.
ClCompile:
  C:\Program Files (x86)\Microsoft Visual Studio 14.0\VC\bin\x86_amd64\CL.exe /c /Zi /W3 /WX- /Od /Ob0 /D WIN32 /D _WINDOWS /D "CMAKE_INTDIR=\"Debug\"" /D _MBCS /Gm- /RTC1 /MDd /GS /fp:precise /Zc:wchar_t /Zc:forScope /Zc:inline /Fo"cmTC_bed97.dir\Debug\\" /Fd"cmTC_bed97.dir\Debug\vc140.pdb" /Gd /TC /errorReport:queue "C:\Users\tdobhal\Downloads\canny-edge-cuda\project\build\CMakeFiles\CMakeTmp\CheckSymbolExists.c"
  Microsoft (R) C/C++ Optimizing Compiler Version 19.00.23918 for x64
  Copyright (C) Microsoft Corporation.  All rights reserved.
  
  cl /c /Zi /W3 /WX- /Od /Ob0 /D WIN32 /D _WINDOWS /D "CMAKE_INTDIR=\"Debug\"" /D _MBCS /Gm- /RTC1 /MDd /GS /fp:precise /Zc:wchar_t /Zc:forScope /Zc:inline /Fo"cmTC_bed97.dir\Debug\\" /Fd"cmTC_bed97.dir\Debug\vc140.pdb" /Gd /TC /errorReport:queue "C:\Users\tdobhal\Downloads\canny-edge-cuda\project\build\CMakeFiles\CMakeTmp\CheckSymbolExists.c"
  
  CheckSymbolExists.c
C:\Users\tdobhal\Downloads\canny-edge-cuda\project\build\CMakeFiles\CMakeTmp\CheckSymbolExists.c(8): error C2065: 'setmod': undeclared identifier [C:\Users\tdobhal\Downloads\canny-edge-cuda\project\build\CMakeFiles\CMakeTmp\cmTC_bed97.vcxproj]
Done Building Project "C:\Users\tdobhal\Downloads\canny-edge-cuda\project\build\CMakeFiles\CMakeTmp\cmTC_bed97.vcxproj" (default targets) -- FAILED.

Build FAILED.

"C:\Users\tdobhal\Downloads\canny-edge-cuda\project\build\CMakeFiles\CMakeTmp\cmTC_bed97.vcxproj" (default target) (1) ->
(ClCompile target) -> 
  C:\Users\tdobhal\Downloads\canny-edge-cuda\project\build\CMakeFiles\CMakeTmp\CheckSymbolExists.c(8): error C2065: 'setmod': undeclared identifier [C:\Users\tdobhal\Downloads\canny-edge-cuda\project\build\CMakeFiles\CMakeTmp\cmTC_bed97.vcxproj]

    0 Warning(s)
    1 Error(s)

Time Elapsed 00:00:00.31

File C:/Users/tdobhal/Downloads/canny-edge-cuda/project/build/CMakeFiles/CMakeTmp/CheckSymbolExists.c:
/* */
#include <io.h>

int main(int argc, char** argv)
{
  (void)argv;
#ifndef setmod
  return ((int*)(&setmod))[argc];
#else
  (void)argc;
  return 0;
#endif
}

