Determining size of off64_t failed with the following output:
Change Dir: C:/Users/tdobhal/Downloads/project/build/CMakeFiles/CMakeTmp

Run Build Command:"C:/Program Files (x86)/MSBuild/14.0/bin/MSBuild.exe" "cmTC_7c936.vcxproj" "/p:Configuration=Debug" "/p:VisualStudioVersion=14.0"
Microsoft (R) Build Engine version 14.0.25123.0
Copyright (C) Microsoft Corporation. All rights reserved.

Build started 3/7/2019 11:08:44 PM.
Project "C:\Users\tdobhal\Downloads\project\build\CMakeFiles\CMakeTmp\cmTC_7c936.vcxproj" on node 1 (default targets).
PrepareForBuild:
  Creating directory "cmTC_7c936.dir\Debug\".
  Creating directory "C:\Users\tdobhal\Downloads\project\build\CMakeFiles\CMakeTmp\Debug\".
  Creating directory "cmTC_7c936.dir\Debug\cmTC_7c936.tlog\".
InitializeBuildStatus:
  Creating "cmTC_7c936.dir\Debug\cmTC_7c936.tlog\unsuccessfulbuild" because "AlwaysCreate" was specified.
ClCompile:
  C:\Program Files (x86)\Microsoft Visual Studio 14.0\VC\bin\x86_amd64\CL.exe /c /Zi /W3 /WX- /Od /Ob0 /D WIN32 /D _WINDOWS /D _LARGEFILE64_SOURCE=1 /D HAVE_SYS_TYPES_H /D HAVE_STDINT_H /D HAVE_STDDEF_H /D "CMAKE_INTDIR=\"Debug\"" /D _MBCS /Gm- /RTC1 /MDd /GS /fp:precise /Zc:wchar_t /Zc:forScope /Zc:inline /Fo"cmTC_7c936.dir\Debug\\" /Fd"cmTC_7c936.dir\Debug\vc140.pdb" /Gd /TC /errorReport:queue C:\Users\tdobhal\Downloads\project\build\CMakeFiles\CheckTypeSize\OFF64_T.c
  Microsoft (R) C/C++ Optimizing Compiler Version 19.00.23918 for x64
  Copyright (C) Microsoft Corporation.  All rights reserved.
  
  cl /c /Zi /W3 /WX- /Od /Ob0 /D WIN32 /D _WINDOWS /D _LARGEFILE64_SOURCE=1 /D HAVE_SYS_TYPES_H /D HAVE_STDINT_H /D HAVE_STDDEF_H /D "CMAKE_INTDIR=\"Debug\"" /D _MBCS /Gm- /RTC1 /MDd /GS /fp:precise /Zc:wchar_t /Zc:forScope /Zc:inline /Fo"cmTC_7c936.dir\Debug\\" /Fd"cmTC_7c936.dir\Debug\vc140.pdb" /Gd /TC /errorReport:queue C:\Users\tdobhal\Downloads\project\build\CMakeFiles\CheckTypeSize\OFF64_T.c
  
  OFF64_T.c
C:\Users\tdobhal\Downloads\project\build\CMakeFiles\CheckTypeSize\OFF64_T.c(25): error C2065: 'off64_t': undeclared identifier [C:\Users\tdobhal\Downloads\project\build\CMakeFiles\CMakeTmp\cmTC_7c936.vcxproj]
C:\Users\tdobhal\Downloads\project\build\CMakeFiles\CheckTypeSize\OFF64_T.c(26): error C2065: 'off64_t': undeclared identifier [C:\Users\tdobhal\Downloads\project\build\CMakeFiles\CMakeTmp\cmTC_7c936.vcxproj]
C:\Users\tdobhal\Downloads\project\build\CMakeFiles\CheckTypeSize\OFF64_T.c(27): error C2065: 'off64_t': undeclared identifier [C:\Users\tdobhal\Downloads\project\build\CMakeFiles\CMakeTmp\cmTC_7c936.vcxproj]
C:\Users\tdobhal\Downloads\project\build\CMakeFiles\CheckTypeSize\OFF64_T.c(28): error C2065: 'off64_t': undeclared identifier [C:\Users\tdobhal\Downloads\project\build\CMakeFiles\CMakeTmp\cmTC_7c936.vcxproj]
C:\Users\tdobhal\Downloads\project\build\CMakeFiles\CheckTypeSize\OFF64_T.c(29): error C2065: 'off64_t': undeclared identifier [C:\Users\tdobhal\Downloads\project\build\CMakeFiles\CMakeTmp\cmTC_7c936.vcxproj]
Done Building Project "C:\Users\tdobhal\Downloads\project\build\CMakeFiles\CMakeTmp\cmTC_7c936.vcxproj" (default targets) -- FAILED.

Build FAILED.

"C:\Users\tdobhal\Downloads\project\build\CMakeFiles\CMakeTmp\cmTC_7c936.vcxproj" (default target) (1) ->
(ClCompile target) -> 
  C:\Users\tdobhal\Downloads\project\build\CMakeFiles\CheckTypeSize\OFF64_T.c(25): error C2065: 'off64_t': undeclared identifier [C:\Users\tdobhal\Downloads\project\build\CMakeFiles\CMakeTmp\cmTC_7c936.vcxproj]
  C:\Users\tdobhal\Downloads\project\build\CMakeFiles\CheckTypeSize\OFF64_T.c(26): error C2065: 'off64_t': undeclared identifier [C:\Users\tdobhal\Downloads\project\build\CMakeFiles\CMakeTmp\cmTC_7c936.vcxproj]
  C:\Users\tdobhal\Downloads\project\build\CMakeFiles\CheckTypeSize\OFF64_T.c(27): error C2065: 'off64_t': undeclared identifier [C:\Users\tdobhal\Downloads\project\build\CMakeFiles\CMakeTmp\cmTC_7c936.vcxproj]
  C:\Users\tdobhal\Downloads\project\build\CMakeFiles\CheckTypeSize\OFF64_T.c(28): error C2065: 'off64_t': undeclared identifier [C:\Users\tdobhal\Downloads\project\build\CMakeFiles\CMakeTmp\cmTC_7c936.vcxproj]
  C:\Users\tdobhal\Downloads\project\build\CMakeFiles\CheckTypeSize\OFF64_T.c(29): error C2065: 'off64_t': undeclared identifier [C:\Users\tdobhal\Downloads\project\build\CMakeFiles\CMakeTmp\cmTC_7c936.vcxproj]

    0 Warning(s)
    5 Error(s)

Time Elapsed 00:00:00.31

C:/Users/tdobhal/Downloads/project/build/CMakeFiles/CheckTypeSize/OFF64_T.c:
#include <sys/types.h>
#include <stdint.h>
#include <stddef.h>


#undef KEY
#if defined(__i386)
# define KEY '_','_','i','3','8','6'
#elif defined(__x86_64)
# define KEY '_','_','x','8','6','_','6','4'
#elif defined(__ppc__)
# define KEY '_','_','p','p','c','_','_'
#elif defined(__ppc64__)
# define KEY '_','_','p','p','c','6','4','_','_'
#elif defined(__aarch64__)
# define KEY '_','_','a','a','r','c','h','6','4','_','_'
#elif defined(__ARM_ARCH_7A__)
# define KEY '_','_','A','R','M','_','A','R','C','H','_','7','A','_','_'
#elif defined(__ARM_ARCH_7S__)
# define KEY '_','_','A','R','M','_','A','R','C','H','_','7','S','_','_'
#endif

#define SIZE (sizeof(off64_t))
char info_size[] =  {'I', 'N', 'F', 'O', ':', 's','i','z','e','[',
  ('0' + ((SIZE / 10000)%10)),
  ('0' + ((SIZE / 1000)%10)),
  ('0' + ((SIZE / 100)%10)),
  ('0' + ((SIZE / 10)%10)),
  ('0' +  (SIZE    % 10)),
  ']',
#ifdef KEY
  ' ','k','e','y','[', KEY, ']',
#endif
  '\0'};

#ifdef __CLASSIC_C__
int main(argc, argv) int argc; char *argv[];
#else
int main(int argc, char *argv[])
#endif
{
  int require = 0;
  require += info_size[argc];
  (void)argv;
  return require;
}


Determining if the function fseeko exists failed with the following output:
Change Dir: C:/Users/tdobhal/Downloads/project/build/CMakeFiles/CMakeTmp

Run Build Command:"C:/Program Files (x86)/MSBuild/14.0/bin/MSBuild.exe" "cmTC_07fd1.vcxproj" "/p:Configuration=Debug" "/p:VisualStudioVersion=14.0"
Microsoft (R) Build Engine version 14.0.25123.0
Copyright (C) Microsoft Corporation. All rights reserved.

Build started 3/7/2019 11:08:44 PM.
Project "C:\Users\tdobhal\Downloads\project\build\CMakeFiles\CMakeTmp\cmTC_07fd1.vcxproj" on node 1 (default targets).
PrepareForBuild:
  Creating directory "cmTC_07fd1.dir\Debug\".
  Creating directory "C:\Users\tdobhal\Downloads\project\build\CMakeFiles\CMakeTmp\Debug\".
  Creating directory "cmTC_07fd1.dir\Debug\cmTC_07fd1.tlog\".
InitializeBuildStatus:
  Creating "cmTC_07fd1.dir\Debug\cmTC_07fd1.tlog\unsuccessfulbuild" because "AlwaysCreate" was specified.
ClCompile:
  C:\Program Files (x86)\Microsoft Visual Studio 14.0\VC\bin\x86_amd64\CL.exe /c /Zi /W3 /WX- /Od /Ob0 /D WIN32 /D _WINDOWS /D CHECK_FUNCTION_EXISTS=fseeko /D "CMAKE_INTDIR=\"Debug\"" /D _MBCS /Gm- /RTC1 /MDd /GS /fp:precise /Zc:wchar_t /Zc:forScope /Zc:inline /Fo"cmTC_07fd1.dir\Debug\\" /Fd"cmTC_07fd1.dir\Debug\vc140.pdb" /Gd /TC /errorReport:queue "C:\Program Files\CMake\share\cmake-3.10\Modules\CheckFunctionExists.c"
  Microsoft (R) C/C++ Optimizing Compiler Version 19.00.23918 for x64
  Copyright (C) Microsoft Corporation.  All rights reserved.
  
  cl /c /Zi /W3 /WX- /Od /Ob0 /D WIN32 /D _WINDOWS /D CHECK_FUNCTION_EXISTS=fseeko /D "CMAKE_INTDIR=\"Debug\"" /D _MBCS /Gm- /RTC1 /MDd /GS /fp:precise /Zc:wchar_t /Zc:forScope /Zc:inline /Fo"cmTC_07fd1.dir\Debug\\" /Fd"cmTC_07fd1.dir\Debug\vc140.pdb" /Gd /TC /errorReport:queue "C:\Program Files\CMake\share\cmake-3.10\Modules\CheckFunctionExists.c"
  
  CheckFunctionExists.c
Link:
  C:\Program Files (x86)\Microsoft Visual Studio 14.0\VC\bin\x86_amd64\link.exe /ERRORREPORT:QUEUE /OUT:"C:\Users\tdobhal\Downloads\project\build\CMakeFiles\CMakeTmp\Debug\cmTC_07fd1.exe" /INCREMENTAL /NOLOGO kernel32.lib user32.lib gdi32.lib winspool.lib shell32.lib ole32.lib oleaut32.lib uuid.lib comdlg32.lib advapi32.lib /MANIFEST /MANIFESTUAC:"level='asInvoker' uiAccess='false'" /manifest:embed /DEBUG /PDB:"C:/Users/tdobhal/Downloads/project/build/CMakeFiles/CMakeTmp/Debug/cmTC_07fd1.pdb" /SUBSYSTEM:CONSOLE /TLBID:1 /DYNAMICBASE /NXCOMPAT /IMPLIB:"C:/Users/tdobhal/Downloads/project/build/CMakeFiles/CMakeTmp/Debug/cmTC_07fd1.lib" /MACHINE:X64  /machine:x64 cmTC_07fd1.dir\Debug\CheckFunctionExists.obj
CheckFunctionExists.obj : error LNK2019: unresolved external symbol fseeko referenced in function main [C:\Users\tdobhal\Downloads\project\build\CMakeFiles\CMakeTmp\cmTC_07fd1.vcxproj]
C:\Users\tdobhal\Downloads\project\build\CMakeFiles\CMakeTmp\Debug\cmTC_07fd1.exe : fatal error LNK1120: 1 unresolved externals [C:\Users\tdobhal\Downloads\project\build\CMakeFiles\CMakeTmp\cmTC_07fd1.vcxproj]
Done Building Project "C:\Users\tdobhal\Downloads\project\build\CMakeFiles\CMakeTmp\cmTC_07fd1.vcxproj" (default targets) -- FAILED.

Build FAILED.

"C:\Users\tdobhal\Downloads\project\build\CMakeFiles\CMakeTmp\cmTC_07fd1.vcxproj" (default target) (1) ->
(Link target) -> 
  CheckFunctionExists.obj : error LNK2019: unresolved external symbol fseeko referenced in function main [C:\Users\tdobhal\Downloads\project\build\CMakeFiles\CMakeTmp\cmTC_07fd1.vcxproj]
  C:\Users\tdobhal\Downloads\project\build\CMakeFiles\CMakeTmp\Debug\cmTC_07fd1.exe : fatal error LNK1120: 1 unresolved externals [C:\Users\tdobhal\Downloads\project\build\CMakeFiles\CMakeTmp\cmTC_07fd1.vcxproj]

    0 Warning(s)
    2 Error(s)

Time Elapsed 00:00:00.43


Determining if the include file unistd.h exists failed with the following output:
Change Dir: C:/Users/tdobhal/Downloads/project/build/CMakeFiles/CMakeTmp

Run Build Command:"C:/Program Files (x86)/MSBuild/14.0/bin/MSBuild.exe" "cmTC_d4c5f.vcxproj" "/p:Configuration=Debug" "/p:VisualStudioVersion=14.0"
Microsoft (R) Build Engine version 14.0.25123.0
Copyright (C) Microsoft Corporation. All rights reserved.

Build started 3/7/2019 11:08:45 PM.
Project "C:\Users\tdobhal\Downloads\project\build\CMakeFiles\CMakeTmp\cmTC_d4c5f.vcxproj" on node 1 (default targets).
PrepareForBuild:
  Creating directory "cmTC_d4c5f.dir\Debug\".
  Creating directory "C:\Users\tdobhal\Downloads\project\build\CMakeFiles\CMakeTmp\Debug\".
  Creating directory "cmTC_d4c5f.dir\Debug\cmTC_d4c5f.tlog\".
InitializeBuildStatus:
  Creating "cmTC_d4c5f.dir\Debug\cmTC_d4c5f.tlog\unsuccessfulbuild" because "AlwaysCreate" was specified.
ClCompile:
  C:\Program Files (x86)\Microsoft Visual Studio 14.0\VC\bin\x86_amd64\CL.exe /c /Zi /W3 /WX- /Od /Ob0 /D WIN32 /D _WINDOWS /D "CMAKE_INTDIR=\"Debug\"" /D _MBCS /Gm- /RTC1 /MDd /GS /fp:precise /Zc:wchar_t /Zc:forScope /Zc:inline /Fo"cmTC_d4c5f.dir\Debug\\" /Fd"cmTC_d4c5f.dir\Debug\vc140.pdb" /Gd /TC /errorReport:queue C:\Users\tdobhal\Downloads\project\build\CMakeFiles\CMakeTmp\CheckIncludeFile.c
  Microsoft (R) C/C++ Optimizing Compiler Version 19.00.23918 for x64
  Copyright (C) Microsoft Corporation.  All rights reserved.
  
  cl /c /Zi /W3 /WX- /Od /Ob0 /D WIN32 /D _WINDOWS /D "CMAKE_INTDIR=\"Debug\"" /D _MBCS /Gm- /RTC1 /MDd /GS /fp:precise /Zc:wchar_t /Zc:forScope /Zc:inline /Fo"cmTC_d4c5f.dir\Debug\\" /Fd"cmTC_d4c5f.dir\Debug\vc140.pdb" /Gd /TC /errorReport:queue C:\Users\tdobhal\Downloads\project\build\CMakeFiles\CMakeTmp\CheckIncludeFile.c
  
  CheckIncludeFile.c
C:\Users\tdobhal\Downloads\project\build\CMakeFiles\CMakeTmp\CheckIncludeFile.c(1): fatal error C1083: Cannot open include file: 'unistd.h': No such file or directory [C:\Users\tdobhal\Downloads\project\build\CMakeFiles\CMakeTmp\cmTC_d4c5f.vcxproj]
Done Building Project "C:\Users\tdobhal\Downloads\project\build\CMakeFiles\CMakeTmp\cmTC_d4c5f.vcxproj" (default targets) -- FAILED.

Build FAILED.

"C:\Users\tdobhal\Downloads\project\build\CMakeFiles\CMakeTmp\cmTC_d4c5f.vcxproj" (default target) (1) ->
(ClCompile target) -> 
  C:\Users\tdobhal\Downloads\project\build\CMakeFiles\CMakeTmp\CheckIncludeFile.c(1): fatal error C1083: Cannot open include file: 'unistd.h': No such file or directory [C:\Users\tdobhal\Downloads\project\build\CMakeFiles\CMakeTmp\cmTC_d4c5f.vcxproj]

    0 Warning(s)
    1 Error(s)

Time Elapsed 00:00:00.30


Determining if files zlib.h exist failed with the following output:
Change Dir: C:/Users/tdobhal/Downloads/project/build/CMakeFiles/CMakeTmp

Run Build Command:"C:/Program Files (x86)/MSBuild/14.0/bin/MSBuild.exe" "cmTC_0bc6c.vcxproj" "/p:Configuration=Debug" "/p:VisualStudioVersion=14.0"
Microsoft (R) Build Engine version 14.0.25123.0
Copyright (C) Microsoft Corporation. All rights reserved.

Build started 3/7/2019 11:08:46 PM.
Project "C:\Users\tdobhal\Downloads\project\build\CMakeFiles\CMakeTmp\cmTC_0bc6c.vcxproj" on node 1 (default targets).
PrepareForBuild:
  Creating directory "cmTC_0bc6c.dir\Debug\".
  Creating directory "C:\Users\tdobhal\Downloads\project\build\CMakeFiles\CMakeTmp\Debug\".
  Creating directory "cmTC_0bc6c.dir\Debug\cmTC_0bc6c.tlog\".
InitializeBuildStatus:
  Creating "cmTC_0bc6c.dir\Debug\cmTC_0bc6c.tlog\unsuccessfulbuild" because "AlwaysCreate" was specified.
ClCompile:
  C:\Program Files (x86)\Microsoft Visual Studio 14.0\VC\bin\x86_amd64\CL.exe /c /Zi /W3 /WX- /Od /Ob0 /D WIN32 /D _WINDOWS /D "CMAKE_INTDIR=\"Debug\"" /D _MBCS /Gm- /RTC1 /MDd /GS /fp:precise /Zc:wchar_t /Zc:forScope /Zc:inline /Fo"cmTC_0bc6c.dir\Debug\\" /Fd"cmTC_0bc6c.dir\Debug\vc140.pdb" /Gd /TC /errorReport:queue C:\Users\tdobhal\Downloads\project\build\CMakeFiles\CMakeTmp\CheckIncludeFiles.c
  Microsoft (R) C/C++ Optimizing Compiler Version 19.00.23918 for x64
  Copyright (C) Microsoft Corporation.  All rights reserved.
  
  cl /c /Zi /W3 /WX- /Od /Ob0 /D WIN32 /D _WINDOWS /D "CMAKE_INTDIR=\"Debug\"" /D _MBCS /Gm- /RTC1 /MDd /GS /fp:precise /Zc:wchar_t /Zc:forScope /Zc:inline /Fo"cmTC_0bc6c.dir\Debug\\" /Fd"cmTC_0bc6c.dir\Debug\vc140.pdb" /Gd /TC /errorReport:queue C:\Users\tdobhal\Downloads\project\build\CMakeFiles\CMakeTmp\CheckIncludeFiles.c
  
  CheckIncludeFiles.c
C:\Users\tdobhal\Downloads\project\build\CMakeFiles\CMakeTmp\CheckIncludeFiles.c(2): fatal error C1083: Cannot open include file: 'zlib.h': No such file or directory [C:\Users\tdobhal\Downloads\project\build\CMakeFiles\CMakeTmp\cmTC_0bc6c.vcxproj]
Done Building Project "C:\Users\tdobhal\Downloads\project\build\CMakeFiles\CMakeTmp\cmTC_0bc6c.vcxproj" (default targets) -- FAILED.

Build FAILED.

"C:\Users\tdobhal\Downloads\project\build\CMakeFiles\CMakeTmp\cmTC_0bc6c.vcxproj" (default target) (1) ->
(ClCompile target) -> 
  C:\Users\tdobhal\Downloads\project\build\CMakeFiles\CMakeTmp\CheckIncludeFiles.c(2): fatal error C1083: Cannot open include file: 'zlib.h': No such file or directory [C:\Users\tdobhal\Downloads\project\build\CMakeFiles\CMakeTmp\cmTC_0bc6c.vcxproj]

    0 Warning(s)
    1 Error(s)

Time Elapsed 00:00:00.29

Source:
/* */
#include <zlib.h>


int main(void){return 0;}

Determining if files jpeglib.h exist failed with the following output:
Change Dir: C:/Users/tdobhal/Downloads/project/build/CMakeFiles/CMakeTmp

Run Build Command:"C:/Program Files (x86)/MSBuild/14.0/bin/MSBuild.exe" "cmTC_efa0e.vcxproj" "/p:Configuration=Debug" "/p:VisualStudioVersion=14.0"
Microsoft (R) Build Engine version 14.0.25123.0
Copyright (C) Microsoft Corporation. All rights reserved.

Build started 3/7/2019 11:08:47 PM.
Project "C:\Users\tdobhal\Downloads\project\build\CMakeFiles\CMakeTmp\cmTC_efa0e.vcxproj" on node 1 (default targets).
PrepareForBuild:
  Creating directory "cmTC_efa0e.dir\Debug\".
  Creating directory "C:\Users\tdobhal\Downloads\project\build\CMakeFiles\CMakeTmp\Debug\".
  Creating directory "cmTC_efa0e.dir\Debug\cmTC_efa0e.tlog\".
InitializeBuildStatus:
  Creating "cmTC_efa0e.dir\Debug\cmTC_efa0e.tlog\unsuccessfulbuild" because "AlwaysCreate" was specified.
ClCompile:
  C:\Program Files (x86)\Microsoft Visual Studio 14.0\VC\bin\x86_amd64\CL.exe /c /Zi /W3 /WX- /Od /Ob0 /D WIN32 /D _WINDOWS /D "CMAKE_INTDIR=\"Debug\"" /D _MBCS /Gm- /RTC1 /MDd /GS /fp:precise /Zc:wchar_t /Zc:forScope /Zc:inline /Fo"cmTC_efa0e.dir\Debug\\" /Fd"cmTC_efa0e.dir\Debug\vc140.pdb" /Gd /TC /errorReport:queue C:\Users\tdobhal\Downloads\project\build\CMakeFiles\CMakeTmp\CheckIncludeFiles.c
  Microsoft (R) C/C++ Optimizing Compiler Version 19.00.23918 for x64
  Copyright (C) Microsoft Corporation.  All rights reserved.
  
  cl /c /Zi /W3 /WX- /Od /Ob0 /D WIN32 /D _WINDOWS /D "CMAKE_INTDIR=\"Debug\"" /D _MBCS /Gm- /RTC1 /MDd /GS /fp:precise /Zc:wchar_t /Zc:forScope /Zc:inline /Fo"cmTC_efa0e.dir\Debug\\" /Fd"cmTC_efa0e.dir\Debug\vc140.pdb" /Gd /TC /errorReport:queue C:\Users\tdobhal\Downloads\project\build\CMakeFiles\CMakeTmp\CheckIncludeFiles.c
  
  CheckIncludeFiles.c
C:\Users\tdobhal\Downloads\project\build\CMakeFiles\CMakeTmp\CheckIncludeFiles.c(2): fatal error C1083: Cannot open include file: 'jpeglib.h': No such file or directory [C:\Users\tdobhal\Downloads\project\build\CMakeFiles\CMakeTmp\cmTC_efa0e.vcxproj]
Done Building Project "C:\Users\tdobhal\Downloads\project\build\CMakeFiles\CMakeTmp\cmTC_efa0e.vcxproj" (default targets) -- FAILED.

Build FAILED.

"C:\Users\tdobhal\Downloads\project\build\CMakeFiles\CMakeTmp\cmTC_efa0e.vcxproj" (default target) (1) ->
(ClCompile target) -> 
  C:\Users\tdobhal\Downloads\project\build\CMakeFiles\CMakeTmp\CheckIncludeFiles.c(2): fatal error C1083: Cannot open include file: 'jpeglib.h': No such file or directory [C:\Users\tdobhal\Downloads\project\build\CMakeFiles\CMakeTmp\cmTC_efa0e.vcxproj]

    0 Warning(s)
    1 Error(s)

Time Elapsed 00:00:00.30

Source:
/* */
#include <jpeglib.h>


int main(void){return 0;}

Determining if files dlfcn.h exist failed with the following output:
Change Dir: C:/Users/tdobhal/Downloads/project/build/CMakeFiles/CMakeTmp

Run Build Command:"C:/Program Files (x86)/MSBuild/14.0/bin/MSBuild.exe" "cmTC_50b11.vcxproj" "/p:Configuration=Debug" "/p:VisualStudioVersion=14.0"
Microsoft (R) Build Engine version 14.0.25123.0
Copyright (C) Microsoft Corporation. All rights reserved.

Build started 3/7/2019 11:08:48 PM.
Project "C:\Users\tdobhal\Downloads\project\build\CMakeFiles\CMakeTmp\cmTC_50b11.vcxproj" on node 1 (default targets).
PrepareForBuild:
  Creating directory "cmTC_50b11.dir\Debug\".
  Creating directory "C:\Users\tdobhal\Downloads\project\build\CMakeFiles\CMakeTmp\Debug\".
  Creating directory "cmTC_50b11.dir\Debug\cmTC_50b11.tlog\".
InitializeBuildStatus:
  Creating "cmTC_50b11.dir\Debug\cmTC_50b11.tlog\unsuccessfulbuild" because "AlwaysCreate" was specified.
ClCompile:
  C:\Program Files (x86)\Microsoft Visual Studio 14.0\VC\bin\x86_amd64\CL.exe /c /Zi /W3 /WX- /Od /Ob0 /D WIN32 /D _WINDOWS /D "CMAKE_INTDIR=\"Debug\"" /D _MBCS /Gm- /RTC1 /MDd /GS /fp:precise /Zc:wchar_t /Zc:forScope /Zc:inline /Fo"cmTC_50b11.dir\Debug\\" /Fd"cmTC_50b11.dir\Debug\vc140.pdb" /Gd /TC /errorReport:queue C:\Users\tdobhal\Downloads\project\build\CMakeFiles\CMakeTmp\CheckIncludeFiles.c
  Microsoft (R) C/C++ Optimizing Compiler Version 19.00.23918 for x64
  Copyright (C) Microsoft Corporation.  All rights reserved.
  
  cl /c /Zi /W3 /WX- /Od /Ob0 /D WIN32 /D _WINDOWS /D "CMAKE_INTDIR=\"Debug\"" /D _MBCS /Gm- /RTC1 /MDd /GS /fp:precise /Zc:wchar_t /Zc:forScope /Zc:inline /Fo"cmTC_50b11.dir\Debug\\" /Fd"cmTC_50b11.dir\Debug\vc140.pdb" /Gd /TC /errorReport:queue C:\Users\tdobhal\Downloads\project\build\CMakeFiles\CMakeTmp\CheckIncludeFiles.c
  
  CheckIncludeFiles.c
C:\Users\tdobhal\Downloads\project\build\CMakeFiles\CMakeTmp\CheckIncludeFiles.c(2): fatal error C1083: Cannot open include file: 'dlfcn.h': No such file or directory [C:\Users\tdobhal\Downloads\project\build\CMakeFiles\CMakeTmp\cmTC_50b11.vcxproj]
Done Building Project "C:\Users\tdobhal\Downloads\project\build\CMakeFiles\CMakeTmp\cmTC_50b11.vcxproj" (default targets) -- FAILED.

Build FAILED.

"C:\Users\tdobhal\Downloads\project\build\CMakeFiles\CMakeTmp\cmTC_50b11.vcxproj" (default target) (1) ->
(ClCompile target) -> 
  C:\Users\tdobhal\Downloads\project\build\CMakeFiles\CMakeTmp\CheckIncludeFiles.c(2): fatal error C1083: Cannot open include file: 'dlfcn.h': No such file or directory [C:\Users\tdobhal\Downloads\project\build\CMakeFiles\CMakeTmp\cmTC_50b11.vcxproj]

    0 Warning(s)
    1 Error(s)

Time Elapsed 00:00:00.30

Source:
/* */
#include <dlfcn.h>


int main(void){return 0;}

Determining if files strings.h exist failed with the following output:
Change Dir: C:/Users/tdobhal/Downloads/project/build/CMakeFiles/CMakeTmp

Run Build Command:"C:/Program Files (x86)/MSBuild/14.0/bin/MSBuild.exe" "cmTC_021e8.vcxproj" "/p:Configuration=Debug" "/p:VisualStudioVersion=14.0"
Microsoft (R) Build Engine version 14.0.25123.0
Copyright (C) Microsoft Corporation. All rights reserved.

Build started 3/7/2019 11:08:54 PM.
Project "C:\Users\tdobhal\Downloads\project\build\CMakeFiles\CMakeTmp\cmTC_021e8.vcxproj" on node 1 (default targets).
PrepareForBuild:
  Creating directory "cmTC_021e8.dir\Debug\".
  Creating directory "C:\Users\tdobhal\Downloads\project\build\CMakeFiles\CMakeTmp\Debug\".
  Creating directory "cmTC_021e8.dir\Debug\cmTC_021e8.tlog\".
InitializeBuildStatus:
  Creating "cmTC_021e8.dir\Debug\cmTC_021e8.tlog\unsuccessfulbuild" because "AlwaysCreate" was specified.
ClCompile:
  C:\Program Files (x86)\Microsoft Visual Studio 14.0\VC\bin\x86_amd64\CL.exe /c /Zi /W3 /WX- /Od /Ob0 /D WIN32 /D _WINDOWS /D "CMAKE_INTDIR=\"Debug\"" /D _MBCS /Gm- /RTC1 /MDd /GS /fp:precise /Zc:wchar_t /Zc:forScope /Zc:inline /Fo"cmTC_021e8.dir\Debug\\" /Fd"cmTC_021e8.dir\Debug\vc140.pdb" /Gd /TC /errorReport:queue C:\Users\tdobhal\Downloads\project\build\CMakeFiles\CMakeTmp\CheckIncludeFiles.c
  Microsoft (R) C/C++ Optimizing Compiler Version 19.00.23918 for x64
  Copyright (C) Microsoft Corporation.  All rights reserved.
  
  cl /c /Zi /W3 /WX- /Od /Ob0 /D WIN32 /D _WINDOWS /D "CMAKE_INTDIR=\"Debug\"" /D _MBCS /Gm- /RTC1 /MDd /GS /fp:precise /Zc:wchar_t /Zc:forScope /Zc:inline /Fo"cmTC_021e8.dir\Debug\\" /Fd"cmTC_021e8.dir\Debug\vc140.pdb" /Gd /TC /errorReport:queue C:\Users\tdobhal\Downloads\project\build\CMakeFiles\CMakeTmp\CheckIncludeFiles.c
  
  CheckIncludeFiles.c
C:\Users\tdobhal\Downloads\project\build\CMakeFiles\CMakeTmp\CheckIncludeFiles.c(2): fatal error C1083: Cannot open include file: 'strings.h': No such file or directory [C:\Users\tdobhal\Downloads\project\build\CMakeFiles\CMakeTmp\cmTC_021e8.vcxproj]
Done Building Project "C:\Users\tdobhal\Downloads\project\build\CMakeFiles\CMakeTmp\cmTC_021e8.vcxproj" (default targets) -- FAILED.

Build FAILED.

"C:\Users\tdobhal\Downloads\project\build\CMakeFiles\CMakeTmp\cmTC_021e8.vcxproj" (default target) (1) ->
(ClCompile target) -> 
  C:\Users\tdobhal\Downloads\project\build\CMakeFiles\CMakeTmp\CheckIncludeFiles.c(2): fatal error C1083: Cannot open include file: 'strings.h': No such file or directory [C:\Users\tdobhal\Downloads\project\build\CMakeFiles\CMakeTmp\cmTC_021e8.vcxproj]

    0 Warning(s)
    1 Error(s)

Time Elapsed 00:00:00.30

Source:
/* */
#include <strings.h>


int main(void){return 0;}

Determining if files sys/time.h exist failed with the following output:
Change Dir: C:/Users/tdobhal/Downloads/project/build/CMakeFiles/CMakeTmp

Run Build Command:"C:/Program Files (x86)/MSBuild/14.0/bin/MSBuild.exe" "cmTC_0d0f9.vcxproj" "/p:Configuration=Debug" "/p:VisualStudioVersion=14.0"
Microsoft (R) Build Engine version 14.0.25123.0
Copyright (C) Microsoft Corporation. All rights reserved.

Build started 3/7/2019 11:08:55 PM.
Project "C:\Users\tdobhal\Downloads\project\build\CMakeFiles\CMakeTmp\cmTC_0d0f9.vcxproj" on node 1 (default targets).
PrepareForBuild:
  Creating directory "cmTC_0d0f9.dir\Debug\".
  Creating directory "C:\Users\tdobhal\Downloads\project\build\CMakeFiles\CMakeTmp\Debug\".
  Creating directory "cmTC_0d0f9.dir\Debug\cmTC_0d0f9.tlog\".
InitializeBuildStatus:
  Creating "cmTC_0d0f9.dir\Debug\cmTC_0d0f9.tlog\unsuccessfulbuild" because "AlwaysCreate" was specified.
ClCompile:
  C:\Program Files (x86)\Microsoft Visual Studio 14.0\VC\bin\x86_amd64\CL.exe /c /Zi /W3 /WX- /Od /Ob0 /D WIN32 /D _WINDOWS /D "CMAKE_INTDIR=\"Debug\"" /D _MBCS /Gm- /RTC1 /MDd /GS /fp:precise /Zc:wchar_t /Zc:forScope /Zc:inline /Fo"cmTC_0d0f9.dir\Debug\\" /Fd"cmTC_0d0f9.dir\Debug\vc140.pdb" /Gd /TC /errorReport:queue C:\Users\tdobhal\Downloads\project\build\CMakeFiles\CMakeTmp\CheckIncludeFiles.c
  Microsoft (R) C/C++ Optimizing Compiler Version 19.00.23918 for x64
  Copyright (C) Microsoft Corporation.  All rights reserved.
  
  cl /c /Zi /W3 /WX- /Od /Ob0 /D WIN32 /D _WINDOWS /D "CMAKE_INTDIR=\"Debug\"" /D _MBCS /Gm- /RTC1 /MDd /GS /fp:precise /Zc:wchar_t /Zc:forScope /Zc:inline /Fo"cmTC_0d0f9.dir\Debug\\" /Fd"cmTC_0d0f9.dir\Debug\vc140.pdb" /Gd /TC /errorReport:queue C:\Users\tdobhal\Downloads\project\build\CMakeFiles\CMakeTmp\CheckIncludeFiles.c
  
  CheckIncludeFiles.c
C:\Users\tdobhal\Downloads\project\build\CMakeFiles\CMakeTmp\CheckIncludeFiles.c(2): fatal error C1083: Cannot open include file: 'sys/time.h': No such file or directory [C:\Users\tdobhal\Downloads\project\build\CMakeFiles\CMakeTmp\cmTC_0d0f9.vcxproj]
Done Building Project "C:\Users\tdobhal\Downloads\project\build\CMakeFiles\CMakeTmp\cmTC_0d0f9.vcxproj" (default targets) -- FAILED.

Build FAILED.

"C:\Users\tdobhal\Downloads\project\build\CMakeFiles\CMakeTmp\cmTC_0d0f9.vcxproj" (default target) (1) ->
(ClCompile target) -> 
  C:\Users\tdobhal\Downloads\project\build\CMakeFiles\CMakeTmp\CheckIncludeFiles.c(2): fatal error C1083: Cannot open include file: 'sys/time.h': No such file or directory [C:\Users\tdobhal\Downloads\project\build\CMakeFiles\CMakeTmp\cmTC_0d0f9.vcxproj]

    0 Warning(s)
    1 Error(s)

Time Elapsed 00:00:00.29

Source:
/* */
#include <sys/time.h>


int main(void){return 0;}

Determining if files unistd.h exist failed with the following output:
Change Dir: C:/Users/tdobhal/Downloads/project/build/CMakeFiles/CMakeTmp

Run Build Command:"C:/Program Files (x86)/MSBuild/14.0/bin/MSBuild.exe" "cmTC_a2490.vcxproj" "/p:Configuration=Debug" "/p:VisualStudioVersion=14.0"
Microsoft (R) Build Engine version 14.0.25123.0
Copyright (C) Microsoft Corporation. All rights reserved.

Build started 3/7/2019 11:08:56 PM.
Project "C:\Users\tdobhal\Downloads\project\build\CMakeFiles\CMakeTmp\cmTC_a2490.vcxproj" on node 1 (default targets).
PrepareForBuild:
  Creating directory "cmTC_a2490.dir\Debug\".
  Creating directory "C:\Users\tdobhal\Downloads\project\build\CMakeFiles\CMakeTmp\Debug\".
  Creating directory "cmTC_a2490.dir\Debug\cmTC_a2490.tlog\".
InitializeBuildStatus:
  Creating "cmTC_a2490.dir\Debug\cmTC_a2490.tlog\unsuccessfulbuild" because "AlwaysCreate" was specified.
ClCompile:
  C:\Program Files (x86)\Microsoft Visual Studio 14.0\VC\bin\x86_amd64\CL.exe /c /Zi /W3 /WX- /Od /Ob0 /D WIN32 /D _WINDOWS /D "CMAKE_INTDIR=\"Debug\"" /D _MBCS /Gm- /RTC1 /MDd /GS /fp:precise /Zc:wchar_t /Zc:forScope /Zc:inline /Fo"cmTC_a2490.dir\Debug\\" /Fd"cmTC_a2490.dir\Debug\vc140.pdb" /Gd /TC /errorReport:queue C:\Users\tdobhal\Downloads\project\build\CMakeFiles\CMakeTmp\CheckIncludeFiles.c
  Microsoft (R) C/C++ Optimizing Compiler Version 19.00.23918 for x64
  Copyright (C) Microsoft Corporation.  All rights reserved.
  
  cl /c /Zi /W3 /WX- /Od /Ob0 /D WIN32 /D _WINDOWS /D "CMAKE_INTDIR=\"Debug\"" /D _MBCS /Gm- /RTC1 /MDd /GS /fp:precise /Zc:wchar_t /Zc:forScope /Zc:inline /Fo"cmTC_a2490.dir\Debug\\" /Fd"cmTC_a2490.dir\Debug\vc140.pdb" /Gd /TC /errorReport:queue C:\Users\tdobhal\Downloads\project\build\CMakeFiles\CMakeTmp\CheckIncludeFiles.c
  
  CheckIncludeFiles.c
C:\Users\tdobhal\Downloads\project\build\CMakeFiles\CMakeTmp\CheckIncludeFiles.c(2): fatal error C1083: Cannot open include file: 'unistd.h': No such file or directory [C:\Users\tdobhal\Downloads\project\build\CMakeFiles\CMakeTmp\cmTC_a2490.vcxproj]
Done Building Project "C:\Users\tdobhal\Downloads\project\build\CMakeFiles\CMakeTmp\cmTC_a2490.vcxproj" (default targets) -- FAILED.

Build FAILED.

"C:\Users\tdobhal\Downloads\project\build\CMakeFiles\CMakeTmp\cmTC_a2490.vcxproj" (default target) (1) ->
(ClCompile target) -> 
  C:\Users\tdobhal\Downloads\project\build\CMakeFiles\CMakeTmp\CheckIncludeFiles.c(2): fatal error C1083: Cannot open include file: 'unistd.h': No such file or directory [C:\Users\tdobhal\Downloads\project\build\CMakeFiles\CMakeTmp\cmTC_a2490.vcxproj]

    0 Warning(s)
    1 Error(s)

Time Elapsed 00:00:00.37

Source:
/* */
#include <unistd.h>


int main(void){return 0;}

Determining if files ieeefp.h exist failed with the following output:
Change Dir: C:/Users/tdobhal/Downloads/project/build/CMakeFiles/CMakeTmp

Run Build Command:"C:/Program Files (x86)/MSBuild/14.0/bin/MSBuild.exe" "cmTC_7d580.vcxproj" "/p:Configuration=Debug" "/p:VisualStudioVersion=14.0"
Microsoft (R) Build Engine version 14.0.25123.0
Copyright (C) Microsoft Corporation. All rights reserved.

Build started 3/7/2019 11:08:57 PM.
Project "C:\Users\tdobhal\Downloads\project\build\CMakeFiles\CMakeTmp\cmTC_7d580.vcxproj" on node 1 (default targets).
PrepareForBuild:
  Creating directory "cmTC_7d580.dir\Debug\".
  Creating directory "C:\Users\tdobhal\Downloads\project\build\CMakeFiles\CMakeTmp\Debug\".
  Creating directory "cmTC_7d580.dir\Debug\cmTC_7d580.tlog\".
InitializeBuildStatus:
  Creating "cmTC_7d580.dir\Debug\cmTC_7d580.tlog\unsuccessfulbuild" because "AlwaysCreate" was specified.
ClCompile:
  C:\Program Files (x86)\Microsoft Visual Studio 14.0\VC\bin\x86_amd64\CL.exe /c /Zi /W3 /WX- /Od /Ob0 /D WIN32 /D _WINDOWS /D "CMAKE_INTDIR=\"Debug\"" /D _MBCS /Gm- /RTC1 /MDd /GS /fp:precise /Zc:wchar_t /Zc:forScope /Zc:inline /Fo"cmTC_7d580.dir\Debug\\" /Fd"cmTC_7d580.dir\Debug\vc140.pdb" /Gd /TC /errorReport:queue C:\Users\tdobhal\Downloads\project\build\CMakeFiles\CMakeTmp\CheckIncludeFiles.c
  Microsoft (R) C/C++ Optimizing Compiler Version 19.00.23918 for x64
  Copyright (C) Microsoft Corporation.  All rights reserved.
  
  cl /c /Zi /W3 /WX- /Od /Ob0 /D WIN32 /D _WINDOWS /D "CMAKE_INTDIR=\"Debug\"" /D _MBCS /Gm- /RTC1 /MDd /GS /fp:precise /Zc:wchar_t /Zc:forScope /Zc:inline /Fo"cmTC_7d580.dir\Debug\\" /Fd"cmTC_7d580.dir\Debug\vc140.pdb" /Gd /TC /errorReport:queue C:\Users\tdobhal\Downloads\project\build\CMakeFiles\CMakeTmp\CheckIncludeFiles.c
  
  CheckIncludeFiles.c
C:\Users\tdobhal\Downloads\project\build\CMakeFiles\CMakeTmp\CheckIncludeFiles.c(2): fatal error C1083: Cannot open include file: 'ieeefp.h': No such file or directory [C:\Users\tdobhal\Downloads\project\build\CMakeFiles\CMakeTmp\cmTC_7d580.vcxproj]
Done Building Project "C:\Users\tdobhal\Downloads\project\build\CMakeFiles\CMakeTmp\cmTC_7d580.vcxproj" (default targets) -- FAILED.

Build FAILED.

"C:\Users\tdobhal\Downloads\project\build\CMakeFiles\CMakeTmp\cmTC_7d580.vcxproj" (default target) (1) ->
(ClCompile target) -> 
  C:\Users\tdobhal\Downloads\project\build\CMakeFiles\CMakeTmp\CheckIncludeFiles.c(2): fatal error C1083: Cannot open include file: 'ieeefp.h': No such file or directory [C:\Users\tdobhal\Downloads\project\build\CMakeFiles\CMakeTmp\cmTC_7d580.vcxproj]

    0 Warning(s)
    1 Error(s)

Time Elapsed 00:00:00.30

Source:
/* */
#include <ieeefp.h>


int main(void){return 0;}

Determining if the function getopt exists failed with the following output:
Change Dir: C:/Users/tdobhal/Downloads/project/build/CMakeFiles/CMakeTmp

Run Build Command:"C:/Program Files (x86)/MSBuild/14.0/bin/MSBuild.exe" "cmTC_aca8f.vcxproj" "/p:Configuration=Debug" "/p:VisualStudioVersion=14.0"
Microsoft (R) Build Engine version 14.0.25123.0
Copyright (C) Microsoft Corporation. All rights reserved.

Build started 3/7/2019 11:08:58 PM.
Project "C:\Users\tdobhal\Downloads\project\build\CMakeFiles\CMakeTmp\cmTC_aca8f.vcxproj" on node 1 (default targets).
PrepareForBuild:
  Creating directory "cmTC_aca8f.dir\Debug\".
  Creating directory "C:\Users\tdobhal\Downloads\project\build\CMakeFiles\CMakeTmp\Debug\".
  Creating directory "cmTC_aca8f.dir\Debug\cmTC_aca8f.tlog\".
InitializeBuildStatus:
  Creating "cmTC_aca8f.dir\Debug\cmTC_aca8f.tlog\unsuccessfulbuild" because "AlwaysCreate" was specified.
ClCompile:
  C:\Program Files (x86)\Microsoft Visual Studio 14.0\VC\bin\x86_amd64\CL.exe /c /Zi /W3 /WX- /Od /Ob0 /D WIN32 /D _WINDOWS /D CHECK_FUNCTION_EXISTS=getopt /D "CMAKE_INTDIR=\"Debug\"" /D _MBCS /Gm- /RTC1 /MDd /GS /fp:precise /Zc:wchar_t /Zc:forScope /Zc:inline /Fo"cmTC_aca8f.dir\Debug\\" /Fd"cmTC_aca8f.dir\Debug\vc140.pdb" /Gd /TC /errorReport:queue "C:\Program Files\CMake\share\cmake-3.10\Modules\CheckFunctionExists.c"
  Microsoft (R) C/C++ Optimizing Compiler Version 19.00.23918 for x64
  Copyright (C) Microsoft Corporation.  All rights reserved.
  
  cl /c /Zi /W3 /WX- /Od /Ob0 /D WIN32 /D _WINDOWS /D CHECK_FUNCTION_EXISTS=getopt /D "CMAKE_INTDIR=\"Debug\"" /D _MBCS /Gm- /RTC1 /MDd /GS /fp:precise /Zc:wchar_t /Zc:forScope /Zc:inline /Fo"cmTC_aca8f.dir\Debug\\" /Fd"cmTC_aca8f.dir\Debug\vc140.pdb" /Gd /TC /errorReport:queue "C:\Program Files\CMake\share\cmake-3.10\Modules\CheckFunctionExists.c"
  
  CheckFunctionExists.c
Link:
  C:\Program Files (x86)\Microsoft Visual Studio 14.0\VC\bin\x86_amd64\link.exe /ERRORREPORT:QUEUE /OUT:"C:\Users\tdobhal\Downloads\project\build\CMakeFiles\CMakeTmp\Debug\cmTC_aca8f.exe" /INCREMENTAL /NOLOGO kernel32.lib user32.lib gdi32.lib winspool.lib shell32.lib ole32.lib oleaut32.lib uuid.lib comdlg32.lib advapi32.lib /MANIFEST /MANIFESTUAC:"level='asInvoker' uiAccess='false'" /manifest:embed /DEBUG /PDB:"C:/Users/tdobhal/Downloads/project/build/CMakeFiles/CMakeTmp/Debug/cmTC_aca8f.pdb" /SUBSYSTEM:CONSOLE /TLBID:1 /DYNAMICBASE /NXCOMPAT /IMPLIB:"C:/Users/tdobhal/Downloads/project/build/CMakeFiles/CMakeTmp/Debug/cmTC_aca8f.lib" /MACHINE:X64  /machine:x64 cmTC_aca8f.dir\Debug\CheckFunctionExists.obj
CheckFunctionExists.obj : error LNK2019: unresolved external symbol getopt referenced in function main [C:\Users\tdobhal\Downloads\project\build\CMakeFiles\CMakeTmp\cmTC_aca8f.vcxproj]
C:\Users\tdobhal\Downloads\project\build\CMakeFiles\CMakeTmp\Debug\cmTC_aca8f.exe : fatal error LNK1120: 1 unresolved externals [C:\Users\tdobhal\Downloads\project\build\CMakeFiles\CMakeTmp\cmTC_aca8f.vcxproj]
Done Building Project "C:\Users\tdobhal\Downloads\project\build\CMakeFiles\CMakeTmp\cmTC_aca8f.vcxproj" (default targets) -- FAILED.

Build FAILED.

"C:\Users\tdobhal\Downloads\project\build\CMakeFiles\CMakeTmp\cmTC_aca8f.vcxproj" (default target) (1) ->
(Link target) -> 
  CheckFunctionExists.obj : error LNK2019: unresolved external symbol getopt referenced in function main [C:\Users\tdobhal\Downloads\project\build\CMakeFiles\CMakeTmp\cmTC_aca8f.vcxproj]
  C:\Users\tdobhal\Downloads\project\build\CMakeFiles\CMakeTmp\Debug\cmTC_aca8f.exe : fatal error LNK1120: 1 unresolved externals [C:\Users\tdobhal\Downloads\project\build\CMakeFiles\CMakeTmp\cmTC_aca8f.vcxproj]

    0 Warning(s)
    2 Error(s)

Time Elapsed 00:00:00.44


Determining if the function isascii exists failed with the following output:
Change Dir: C:/Users/tdobhal/Downloads/project/build/CMakeFiles/CMakeTmp

Run Build Command:"C:/Program Files (x86)/MSBuild/14.0/bin/MSBuild.exe" "cmTC_6b1d6.vcxproj" "/p:Configuration=Debug" "/p:VisualStudioVersion=14.0"
Microsoft (R) Build Engine version 14.0.25123.0
Copyright (C) Microsoft Corporation. All rights reserved.

Build started 3/7/2019 11:08:58 PM.
Project "C:\Users\tdobhal\Downloads\project\build\CMakeFiles\CMakeTmp\cmTC_6b1d6.vcxproj" on node 1 (default targets).
PrepareForBuild:
  Creating directory "cmTC_6b1d6.dir\Debug\".
  Creating directory "C:\Users\tdobhal\Downloads\project\build\CMakeFiles\CMakeTmp\Debug\".
  Creating directory "cmTC_6b1d6.dir\Debug\cmTC_6b1d6.tlog\".
InitializeBuildStatus:
  Creating "cmTC_6b1d6.dir\Debug\cmTC_6b1d6.tlog\unsuccessfulbuild" because "AlwaysCreate" was specified.
ClCompile:
  C:\Program Files (x86)\Microsoft Visual Studio 14.0\VC\bin\x86_amd64\CL.exe /c /Zi /W3 /WX- /Od /Ob0 /D WIN32 /D _WINDOWS /D CHECK_FUNCTION_EXISTS=isascii /D "CMAKE_INTDIR=\"Debug\"" /D _MBCS /Gm- /RTC1 /MDd /GS /fp:precise /Zc:wchar_t /Zc:forScope /Zc:inline /Fo"cmTC_6b1d6.dir\Debug\\" /Fd"cmTC_6b1d6.dir\Debug\vc140.pdb" /Gd /TC /errorReport:queue "C:\Program Files\CMake\share\cmake-3.10\Modules\CheckFunctionExists.c"
  Microsoft (R) C/C++ Optimizing Compiler Version 19.00.23918 for x64
  Copyright (C) Microsoft Corporation.  All rights reserved.
  
  cl /c /Zi /W3 /WX- /Od /Ob0 /D WIN32 /D _WINDOWS /D CHECK_FUNCTION_EXISTS=isascii /D "CMAKE_INTDIR=\"Debug\"" /D _MBCS /Gm- /RTC1 /MDd /GS /fp:precise /Zc:wchar_t /Zc:forScope /Zc:inline /Fo"cmTC_6b1d6.dir\Debug\\" /Fd"cmTC_6b1d6.dir\Debug\vc140.pdb" /Gd /TC /errorReport:queue "C:\Program Files\CMake\share\cmake-3.10\Modules\CheckFunctionExists.c"
  
  CheckFunctionExists.c
Link:
  C:\Program Files (x86)\Microsoft Visual Studio 14.0\VC\bin\x86_amd64\link.exe /ERRORREPORT:QUEUE /OUT:"C:\Users\tdobhal\Downloads\project\build\CMakeFiles\CMakeTmp\Debug\cmTC_6b1d6.exe" /INCREMENTAL /NOLOGO kernel32.lib user32.lib gdi32.lib winspool.lib shell32.lib ole32.lib oleaut32.lib uuid.lib comdlg32.lib advapi32.lib /MANIFEST /MANIFESTUAC:"level='asInvoker' uiAccess='false'" /manifest:embed /DEBUG /PDB:"C:/Users/tdobhal/Downloads/project/build/CMakeFiles/CMakeTmp/Debug/cmTC_6b1d6.pdb" /SUBSYSTEM:CONSOLE /TLBID:1 /DYNAMICBASE /NXCOMPAT /IMPLIB:"C:/Users/tdobhal/Downloads/project/build/CMakeFiles/CMakeTmp/Debug/cmTC_6b1d6.lib" /MACHINE:X64  /machine:x64 cmTC_6b1d6.dir\Debug\CheckFunctionExists.obj
CheckFunctionExists.obj : error LNK2019: unresolved external symbol isascii referenced in function main [C:\Users\tdobhal\Downloads\project\build\CMakeFiles\CMakeTmp\cmTC_6b1d6.vcxproj]
C:\Users\tdobhal\Downloads\project\build\CMakeFiles\CMakeTmp\Debug\cmTC_6b1d6.exe : fatal error LNK1120: 1 unresolved externals [C:\Users\tdobhal\Downloads\project\build\CMakeFiles\CMakeTmp\cmTC_6b1d6.vcxproj]
Done Building Project "C:\Users\tdobhal\Downloads\project\build\CMakeFiles\CMakeTmp\cmTC_6b1d6.vcxproj" (default targets) -- FAILED.

Build FAILED.

"C:\Users\tdobhal\Downloads\project\build\CMakeFiles\CMakeTmp\cmTC_6b1d6.vcxproj" (default target) (1) ->
(Link target) -> 
  CheckFunctionExists.obj : error LNK2019: unresolved external symbol isascii referenced in function main [C:\Users\tdobhal\Downloads\project\build\CMakeFiles\CMakeTmp\cmTC_6b1d6.vcxproj]
  C:\Users\tdobhal\Downloads\project\build\CMakeFiles\CMakeTmp\Debug\cmTC_6b1d6.exe : fatal error LNK1120: 1 unresolved externals [C:\Users\tdobhal\Downloads\project\build\CMakeFiles\CMakeTmp\cmTC_6b1d6.vcxproj]

    0 Warning(s)
    2 Error(s)

Time Elapsed 00:00:00.44


Determining if the function mmap exists failed with the following output:
Change Dir: C:/Users/tdobhal/Downloads/project/build/CMakeFiles/CMakeTmp

Run Build Command:"C:/Program Files (x86)/MSBuild/14.0/bin/MSBuild.exe" "cmTC_ccca1.vcxproj" "/p:Configuration=Debug" "/p:VisualStudioVersion=14.0"
Microsoft (R) Build Engine version 14.0.25123.0
Copyright (C) Microsoft Corporation. All rights reserved.

Build started 3/7/2019 11:09:00 PM.
Project "C:\Users\tdobhal\Downloads\project\build\CMakeFiles\CMakeTmp\cmTC_ccca1.vcxproj" on node 1 (default targets).
PrepareForBuild:
  Creating directory "cmTC_ccca1.dir\Debug\".
  Creating directory "C:\Users\tdobhal\Downloads\project\build\CMakeFiles\CMakeTmp\Debug\".
  Creating directory "cmTC_ccca1.dir\Debug\cmTC_ccca1.tlog\".
InitializeBuildStatus:
  Creating "cmTC_ccca1.dir\Debug\cmTC_ccca1.tlog\unsuccessfulbuild" because "AlwaysCreate" was specified.
ClCompile:
  C:\Program Files (x86)\Microsoft Visual Studio 14.0\VC\bin\x86_amd64\CL.exe /c /Zi /W3 /WX- /Od /Ob0 /D WIN32 /D _WINDOWS /D CHECK_FUNCTION_EXISTS=mmap /D "CMAKE_INTDIR=\"Debug\"" /D _MBCS /Gm- /RTC1 /MDd /GS /fp:precise /Zc:wchar_t /Zc:forScope /Zc:inline /Fo"cmTC_ccca1.dir\Debug\\" /Fd"cmTC_ccca1.dir\Debug\vc140.pdb" /Gd /TC /errorReport:queue "C:\Program Files\CMake\share\cmake-3.10\Modules\CheckFunctionExists.c"
  Microsoft (R) C/C++ Optimizing Compiler Version 19.00.23918 for x64
  Copyright (C) Microsoft Corporation.  All rights reserved.
  
  cl /c /Zi /W3 /WX- /Od /Ob0 /D WIN32 /D _WINDOWS /D CHECK_FUNCTION_EXISTS=mmap /D "CMAKE_INTDIR=\"Debug\"" /D _MBCS /Gm- /RTC1 /MDd /GS /fp:precise /Zc:wchar_t /Zc:forScope /Zc:inline /Fo"cmTC_ccca1.dir\Debug\\" /Fd"cmTC_ccca1.dir\Debug\vc140.pdb" /Gd /TC /errorReport:queue "C:\Program Files\CMake\share\cmake-3.10\Modules\CheckFunctionExists.c"
  
  CheckFunctionExists.c
Link:
  C:\Program Files (x86)\Microsoft Visual Studio 14.0\VC\bin\x86_amd64\link.exe /ERRORREPORT:QUEUE /OUT:"C:\Users\tdobhal\Downloads\project\build\CMakeFiles\CMakeTmp\Debug\cmTC_ccca1.exe" /INCREMENTAL /NOLOGO kernel32.lib user32.lib gdi32.lib winspool.lib shell32.lib ole32.lib oleaut32.lib uuid.lib comdlg32.lib advapi32.lib /MANIFEST /MANIFESTUAC:"level='asInvoker' uiAccess='false'" /manifest:embed /DEBUG /PDB:"C:/Users/tdobhal/Downloads/project/build/CMakeFiles/CMakeTmp/Debug/cmTC_ccca1.pdb" /SUBSYSTEM:CONSOLE /TLBID:1 /DYNAMICBASE /NXCOMPAT /IMPLIB:"C:/Users/tdobhal/Downloads/project/build/CMakeFiles/CMakeTmp/Debug/cmTC_ccca1.lib" /MACHINE:X64  /machine:x64 cmTC_ccca1.dir\Debug\CheckFunctionExists.obj
CheckFunctionExists.obj : error LNK2019: unresolved external symbol mmap referenced in function main [C:\Users\tdobhal\Downloads\project\build\CMakeFiles\CMakeTmp\cmTC_ccca1.vcxproj]
C:\Users\tdobhal\Downloads\project\build\CMakeFiles\CMakeTmp\Debug\cmTC_ccca1.exe : fatal error LNK1120: 1 unresolved externals [C:\Users\tdobhal\Downloads\project\build\CMakeFiles\CMakeTmp\cmTC_ccca1.vcxproj]
Done Building Project "C:\Users\tdobhal\Downloads\project\build\CMakeFiles\CMakeTmp\cmTC_ccca1.vcxproj" (default targets) -- FAILED.

Build FAILED.

"C:\Users\tdobhal\Downloads\project\build\CMakeFiles\CMakeTmp\cmTC_ccca1.vcxproj" (default target) (1) ->
(Link target) -> 
  CheckFunctionExists.obj : error LNK2019: unresolved external symbol mmap referenced in function main [C:\Users\tdobhal\Downloads\project\build\CMakeFiles\CMakeTmp\cmTC_ccca1.vcxproj]
  C:\Users\tdobhal\Downloads\project\build\CMakeFiles\CMakeTmp\Debug\cmTC_ccca1.exe : fatal error LNK1120: 1 unresolved externals [C:\Users\tdobhal\Downloads\project\build\CMakeFiles\CMakeTmp\cmTC_ccca1.vcxproj]

    0 Warning(s)
    2 Error(s)

Time Elapsed 00:00:00.44


Determining if the function strcasecmp exists failed with the following output:
Change Dir: C:/Users/tdobhal/Downloads/project/build/CMakeFiles/CMakeTmp

Run Build Command:"C:/Program Files (x86)/MSBuild/14.0/bin/MSBuild.exe" "cmTC_1bd5a.vcxproj" "/p:Configuration=Debug" "/p:VisualStudioVersion=14.0"
Microsoft (R) Build Engine version 14.0.25123.0
Copyright (C) Microsoft Corporation. All rights reserved.

Build started 3/7/2019 11:09:01 PM.
Project "C:\Users\tdobhal\Downloads\project\build\CMakeFiles\CMakeTmp\cmTC_1bd5a.vcxproj" on node 1 (default targets).
PrepareForBuild:
  Creating directory "cmTC_1bd5a.dir\Debug\".
  Creating directory "C:\Users\tdobhal\Downloads\project\build\CMakeFiles\CMakeTmp\Debug\".
  Creating directory "cmTC_1bd5a.dir\Debug\cmTC_1bd5a.tlog\".
InitializeBuildStatus:
  Creating "cmTC_1bd5a.dir\Debug\cmTC_1bd5a.tlog\unsuccessfulbuild" because "AlwaysCreate" was specified.
ClCompile:
  C:\Program Files (x86)\Microsoft Visual Studio 14.0\VC\bin\x86_amd64\CL.exe /c /Zi /W3 /WX- /Od /Ob0 /D WIN32 /D _WINDOWS /D CHECK_FUNCTION_EXISTS=strcasecmp /D "CMAKE_INTDIR=\"Debug\"" /D _MBCS /Gm- /RTC1 /MDd /GS /fp:precise /Zc:wchar_t /Zc:forScope /Zc:inline /Fo"cmTC_1bd5a.dir\Debug\\" /Fd"cmTC_1bd5a.dir\Debug\vc140.pdb" /Gd /TC /errorReport:queue "C:\Program Files\CMake\share\cmake-3.10\Modules\CheckFunctionExists.c"
  Microsoft (R) C/C++ Optimizing Compiler Version 19.00.23918 for x64
  Copyright (C) Microsoft Corporation.  All rights reserved.
  
  cl /c /Zi /W3 /WX- /Od /Ob0 /D WIN32 /D _WINDOWS /D CHECK_FUNCTION_EXISTS=strcasecmp /D "CMAKE_INTDIR=\"Debug\"" /D _MBCS /Gm- /RTC1 /MDd /GS /fp:precise /Zc:wchar_t /Zc:forScope /Zc:inline /Fo"cmTC_1bd5a.dir\Debug\\" /Fd"cmTC_1bd5a.dir\Debug\vc140.pdb" /Gd /TC /errorReport:queue "C:\Program Files\CMake\share\cmake-3.10\Modules\CheckFunctionExists.c"
  
  CheckFunctionExists.c
Link:
  C:\Program Files (x86)\Microsoft Visual Studio 14.0\VC\bin\x86_amd64\link.exe /ERRORREPORT:QUEUE /OUT:"C:\Users\tdobhal\Downloads\project\build\CMakeFiles\CMakeTmp\Debug\cmTC_1bd5a.exe" /INCREMENTAL /NOLOGO kernel32.lib user32.lib gdi32.lib winspool.lib shell32.lib ole32.lib oleaut32.lib uuid.lib comdlg32.lib advapi32.lib /MANIFEST /MANIFESTUAC:"level='asInvoker' uiAccess='false'" /manifest:embed /DEBUG /PDB:"C:/Users/tdobhal/Downloads/project/build/CMakeFiles/CMakeTmp/Debug/cmTC_1bd5a.pdb" /SUBSYSTEM:CONSOLE /TLBID:1 /DYNAMICBASE /NXCOMPAT /IMPLIB:"C:/Users/tdobhal/Downloads/project/build/CMakeFiles/CMakeTmp/Debug/cmTC_1bd5a.lib" /MACHINE:X64  /machine:x64 cmTC_1bd5a.dir\Debug\CheckFunctionExists.obj
CheckFunctionExists.obj : error LNK2019: unresolved external symbol strcasecmp referenced in function main [C:\Users\tdobhal\Downloads\project\build\CMakeFiles\CMakeTmp\cmTC_1bd5a.vcxproj]
C:\Users\tdobhal\Downloads\project\build\CMakeFiles\CMakeTmp\Debug\cmTC_1bd5a.exe : fatal error LNK1120: 1 unresolved externals [C:\Users\tdobhal\Downloads\project\build\CMakeFiles\CMakeTmp\cmTC_1bd5a.vcxproj]
Done Building Project "C:\Users\tdobhal\Downloads\project\build\CMakeFiles\CMakeTmp\cmTC_1bd5a.vcxproj" (default targets) -- FAILED.

Build FAILED.

"C:\Users\tdobhal\Downloads\project\build\CMakeFiles\CMakeTmp\cmTC_1bd5a.vcxproj" (default target) (1) ->
(Link target) -> 
  CheckFunctionExists.obj : error LNK2019: unresolved external symbol strcasecmp referenced in function main [C:\Users\tdobhal\Downloads\project\build\CMakeFiles\CMakeTmp\cmTC_1bd5a.vcxproj]
  C:\Users\tdobhal\Downloads\project\build\CMakeFiles\CMakeTmp\Debug\cmTC_1bd5a.exe : fatal error LNK1120: 1 unresolved externals [C:\Users\tdobhal\Downloads\project\build\CMakeFiles\CMakeTmp\cmTC_1bd5a.vcxproj]

    0 Warning(s)
    2 Error(s)

Time Elapsed 00:00:00.44


Determining size of ssize_t failed with the following output:
Change Dir: C:/Users/tdobhal/Downloads/project/build/CMakeFiles/CMakeTmp

Run Build Command:"C:/Program Files (x86)/MSBuild/14.0/bin/MSBuild.exe" "cmTC_9bf9e.vcxproj" "/p:Configuration=Debug" "/p:VisualStudioVersion=14.0"
Microsoft (R) Build Engine version 14.0.25123.0
Copyright (C) Microsoft Corporation. All rights reserved.

Build started 3/7/2019 11:09:10 PM.
Project "C:\Users\tdobhal\Downloads\project\build\CMakeFiles\CMakeTmp\cmTC_9bf9e.vcxproj" on node 1 (default targets).
PrepareForBuild:
  Creating directory "cmTC_9bf9e.dir\Debug\".
  Creating directory "C:\Users\tdobhal\Downloads\project\build\CMakeFiles\CMakeTmp\Debug\".
  Creating directory "cmTC_9bf9e.dir\Debug\cmTC_9bf9e.tlog\".
InitializeBuildStatus:
  Creating "cmTC_9bf9e.dir\Debug\cmTC_9bf9e.tlog\unsuccessfulbuild" because "AlwaysCreate" was specified.
ClCompile:
  C:\Program Files (x86)\Microsoft Visual Studio 14.0\VC\bin\x86_amd64\CL.exe /c /Zi /W3 /WX- /Od /Ob0 /D WIN32 /D _WINDOWS /D "CMAKE_INTDIR=\"Debug\"" /D _MBCS /Gm- /RTC1 /MDd /GS /fp:precise /Zc:wchar_t /Zc:forScope /Zc:inline /Fo"cmTC_9bf9e.dir\Debug\\" /Fd"cmTC_9bf9e.dir\Debug\vc140.pdb" /Gd /TC /errorReport:queue C:\Users\tdobhal\Downloads\project\build\CMakeFiles\CheckTypeSize\SSIZE_T.c
  Microsoft (R) C/C++ Optimizing Compiler Version 19.00.23918 for x64
  Copyright (C) Microsoft Corporation.  All rights reserved.
  
  cl /c /Zi /W3 /WX- /Od /Ob0 /D WIN32 /D _WINDOWS /D "CMAKE_INTDIR=\"Debug\"" /D _MBCS /Gm- /RTC1 /MDd /GS /fp:precise /Zc:wchar_t /Zc:forScope /Zc:inline /Fo"cmTC_9bf9e.dir\Debug\\" /Fd"cmTC_9bf9e.dir\Debug\vc140.pdb" /Gd /TC /errorReport:queue C:\Users\tdobhal\Downloads\project\build\CMakeFiles\CheckTypeSize\SSIZE_T.c
  
  SSIZE_T.c
C:\Users\tdobhal\Downloads\project\build\CMakeFiles\CheckTypeSize\SSIZE_T.c(25): error C2065: 'ssize_t': undeclared identifier [C:\Users\tdobhal\Downloads\project\build\CMakeFiles\CMakeTmp\cmTC_9bf9e.vcxproj]
C:\Users\tdobhal\Downloads\project\build\CMakeFiles\CheckTypeSize\SSIZE_T.c(26): error C2065: 'ssize_t': undeclared identifier [C:\Users\tdobhal\Downloads\project\build\CMakeFiles\CMakeTmp\cmTC_9bf9e.vcxproj]
C:\Users\tdobhal\Downloads\project\build\CMakeFiles\CheckTypeSize\SSIZE_T.c(27): error C2065: 'ssize_t': undeclared identifier [C:\Users\tdobhal\Downloads\project\build\CMakeFiles\CMakeTmp\cmTC_9bf9e.vcxproj]
C:\Users\tdobhal\Downloads\project\build\CMakeFiles\CheckTypeSize\SSIZE_T.c(28): error C2065: 'ssize_t': undeclared identifier [C:\Users\tdobhal\Downloads\project\build\CMakeFiles\CMakeTmp\cmTC_9bf9e.vcxproj]
C:\Users\tdobhal\Downloads\project\build\CMakeFiles\CheckTypeSize\SSIZE_T.c(29): error C2065: 'ssize_t': undeclared identifier [C:\Users\tdobhal\Downloads\project\build\CMakeFiles\CMakeTmp\cmTC_9bf9e.vcxproj]
Done Building Project "C:\Users\tdobhal\Downloads\project\build\CMakeFiles\CMakeTmp\cmTC_9bf9e.vcxproj" (default targets) -- FAILED.

Build FAILED.

"C:\Users\tdobhal\Downloads\project\build\CMakeFiles\CMakeTmp\cmTC_9bf9e.vcxproj" (default target) (1) ->
(ClCompile target) -> 
  C:\Users\tdobhal\Downloads\project\build\CMakeFiles\CheckTypeSize\SSIZE_T.c(25): error C2065: 'ssize_t': undeclared identifier [C:\Users\tdobhal\Downloads\project\build\CMakeFiles\CMakeTmp\cmTC_9bf9e.vcxproj]
  C:\Users\tdobhal\Downloads\project\build\CMakeFiles\CheckTypeSize\SSIZE_T.c(26): error C2065: 'ssize_t': undeclared identifier [C:\Users\tdobhal\Downloads\project\build\CMakeFiles\CMakeTmp\cmTC_9bf9e.vcxproj]
  C:\Users\tdobhal\Downloads\project\build\CMakeFiles\CheckTypeSize\SSIZE_T.c(27): error C2065: 'ssize_t': undeclared identifier [C:\Users\tdobhal\Downloads\project\build\CMakeFiles\CMakeTmp\cmTC_9bf9e.vcxproj]
  C:\Users\tdobhal\Downloads\project\build\CMakeFiles\CheckTypeSize\SSIZE_T.c(28): error C2065: 'ssize_t': undeclared identifier [C:\Users\tdobhal\Downloads\project\build\CMakeFiles\CMakeTmp\cmTC_9bf9e.vcxproj]
  C:\Users\tdobhal\Downloads\project\build\CMakeFiles\CheckTypeSize\SSIZE_T.c(29): error C2065: 'ssize_t': undeclared identifier [C:\Users\tdobhal\Downloads\project\build\CMakeFiles\CMakeTmp\cmTC_9bf9e.vcxproj]

    0 Warning(s)
    5 Error(s)

Time Elapsed 00:00:00.31

C:/Users/tdobhal/Downloads/project/build/CMakeFiles/CheckTypeSize/SSIZE_T.c:
#include <sys/types.h>
#include <stdint.h>
#include <stddef.h>


#undef KEY
#if defined(__i386)
# define KEY '_','_','i','3','8','6'
#elif defined(__x86_64)
# define KEY '_','_','x','8','6','_','6','4'
#elif defined(__ppc__)
# define KEY '_','_','p','p','c','_','_'
#elif defined(__ppc64__)
# define KEY '_','_','p','p','c','6','4','_','_'
#elif defined(__aarch64__)
# define KEY '_','_','a','a','r','c','h','6','4','_','_'
#elif defined(__ARM_ARCH_7A__)
# define KEY '_','_','A','R','M','_','A','R','C','H','_','7','A','_','_'
#elif defined(__ARM_ARCH_7S__)
# define KEY '_','_','A','R','M','_','A','R','C','H','_','7','S','_','_'
#endif

#define SIZE (sizeof(ssize_t))
char info_size[] =  {'I', 'N', 'F', 'O', ':', 's','i','z','e','[',
  ('0' + ((SIZE / 10000)%10)),
  ('0' + ((SIZE / 1000)%10)),
  ('0' + ((SIZE / 100)%10)),
  ('0' + ((SIZE / 10)%10)),
  ('0' +  (SIZE    % 10)),
  ']',
#ifdef KEY
  ' ','k','e','y','[', KEY, ']',
#endif
  '\0'};

#ifdef __CLASSIC_C__
int main(argc, argv) int argc; char *argv[];
#else
int main(int argc, char *argv[])
#endif
{
  int require = 0;
  require += info_size[argc];
  (void)argv;
  return require;
}


Determining if the setmod exist failed with the following output:
Change Dir: C:/Users/tdobhal/Downloads/project/build/CMakeFiles/CMakeTmp

Run Build Command:"C:/Program Files (x86)/MSBuild/14.0/bin/MSBuild.exe" "cmTC_d1130.vcxproj" "/p:Configuration=Debug" "/p:VisualStudioVersion=14.0"
Microsoft (R) Build Engine version 14.0.25123.0
Copyright (C) Microsoft Corporation. All rights reserved.

Build started 3/7/2019 11:09:13 PM.
Project "C:\Users\tdobhal\Downloads\project\build\CMakeFiles\CMakeTmp\cmTC_d1130.vcxproj" on node 1 (default targets).
PrepareForBuild:
  Creating directory "cmTC_d1130.dir\Debug\".
  Creating directory "C:\Users\tdobhal\Downloads\project\build\CMakeFiles\CMakeTmp\Debug\".
  Creating directory "cmTC_d1130.dir\Debug\cmTC_d1130.tlog\".
InitializeBuildStatus:
  Creating "cmTC_d1130.dir\Debug\cmTC_d1130.tlog\unsuccessfulbuild" because "AlwaysCreate" was specified.
ClCompile:
  C:\Program Files (x86)\Microsoft Visual Studio 14.0\VC\bin\x86_amd64\CL.exe /c /Zi /W3 /WX- /Od /Ob0 /D WIN32 /D _WINDOWS /D "CMAKE_INTDIR=\"Debug\"" /D _MBCS /Gm- /RTC1 /MDd /GS /fp:precise /Zc:wchar_t /Zc:forScope /Zc:inline /Fo"cmTC_d1130.dir\Debug\\" /Fd"cmTC_d1130.dir\Debug\vc140.pdb" /Gd /TC /errorReport:queue C:\Users\tdobhal\Downloads\project\build\CMakeFiles\CMakeTmp\CheckSymbolExists.c
  Microsoft (R) C/C++ Optimizing Compiler Version 19.00.23918 for x64
  Copyright (C) Microsoft Corporation.  All rights reserved.
  
  cl /c /Zi /W3 /WX- /Od /Ob0 /D WIN32 /D _WINDOWS /D "CMAKE_INTDIR=\"Debug\"" /D _MBCS /Gm- /RTC1 /MDd /GS /fp:precise /Zc:wchar_t /Zc:forScope /Zc:inline /Fo"cmTC_d1130.dir\Debug\\" /Fd"cmTC_d1130.dir\Debug\vc140.pdb" /Gd /TC /errorReport:queue C:\Users\tdobhal\Downloads\project\build\CMakeFiles\CMakeTmp\CheckSymbolExists.c
  
  CheckSymbolExists.c
C:\Users\tdobhal\Downloads\project\build\CMakeFiles\CMakeTmp\CheckSymbolExists.c(8): error C2065: 'setmod': undeclared identifier [C:\Users\tdobhal\Downloads\project\build\CMakeFiles\CMakeTmp\cmTC_d1130.vcxproj]
Done Building Project "C:\Users\tdobhal\Downloads\project\build\CMakeFiles\CMakeTmp\cmTC_d1130.vcxproj" (default targets) -- FAILED.

Build FAILED.

"C:\Users\tdobhal\Downloads\project\build\CMakeFiles\CMakeTmp\cmTC_d1130.vcxproj" (default target) (1) ->
(ClCompile target) -> 
  C:\Users\tdobhal\Downloads\project\build\CMakeFiles\CMakeTmp\CheckSymbolExists.c(8): error C2065: 'setmod': undeclared identifier [C:\Users\tdobhal\Downloads\project\build\CMakeFiles\CMakeTmp\cmTC_d1130.vcxproj]

    0 Warning(s)
    1 Error(s)

Time Elapsed 00:00:00.30

File C:/Users/tdobhal/Downloads/project/build/CMakeFiles/CMakeTmp/CheckSymbolExists.c:
/* */
#include <io.h>

int main(int argc, char** argv)
{
  (void)argv;
#ifndef setmod
  return ((int*)(&setmod))[argc];
#else
  (void)argc;
  return 0;
#endif
}

